Ansys Lumerical 2021 R2.4 FDTD Solver Version 8.26.2865 (Linux 64bit)
 expires (month/day/year): Permanent
using config file: Ansys Licensing set with ANSYSLMD_LICENSE_FILE
license host: 1055@pinnacledesktop.eecs.berkeley.edu
current time: Thu Feb 10 11:37:47 2022
Running on host: pop-os
host available memory (GB): 52.915380
All processes are communicating and ready to proceed to simulation...
Running fsp file: /opt/lumerical/v212/bin/fdtd-engine-mpich2nem -t 1 -remote /home/dklawson/Downloads/GDS_auto_export/curved_focusing_grating.fsp
Starting meshing
Simulation size in gridpoints: 102 x 1 x 38
Refined 0 mesh cells (0%)
Completed meshing!
Meshing complete in 1.66604 seconds of CPU time
Starting meshing
Simulation size in gridpoints: 102 x 1 x 38
Refined 0 mesh cells (0%)
Completed meshing!
Meshing complete in 1.65271 seconds of CPU time
Starting meshing
Simulation size in gridpoints: 102 x 1 x 38
Refined 0 mesh cells (0%)
Completed meshing!
Meshing complete in 1.65294 seconds of CPU time
number of processors is 8
processors are distributed as: 2x4x1
Running 3D Simulation
Starting meshing
Simulation size in gridpoints: 505 x 534 x 62
Refined 0 mesh cells (0%)
Completed meshing!
Meshing complete in 19.6753 seconds of CPU time
0 0
Starting meshing
Simulation size in gridpoints: 505 x 534 x 62
Refined 0 mesh cells (0%)
Completed meshing!
Meshing complete in 23.4896 seconds of CPU time
0 0
Starting meshing
Simulation size in gridpoints: 505 x 534 x 62
Refined 0 mesh cells (0%)
Completed meshing!
Meshing complete in 30.2158 seconds of CPU time
0 0
finished material properties
Meshing Time: 50.8434 seconds, Init Electrical Material Time: 1.32752 seconds, Init Magnetic Material Time: 0.035099
Using selected optimization level: 2
Selecting 3d kernel for splitFieldDirection=0 and optLevel=2
-----------------------------------------
Beginning initialization of 3D Simulation
Starting to add sources to simulation
Adding 3D Mode source propagating in Y
Starting to add boundary conditions to simulation
Adding 3D Anti-Symmetric BC
Adding 3D Parallel BC
Adding 3D PML BC
Adding 3D Parallel BC
Adding 3D PML BC
Adding 3D PML BC
Starting to add monitors to Simulation
Adding analysis monitor
Adding 3D DFT monitor
Adding 3D DFT monitor
Adding 3D DFT monitor
Adding 3D DFT monitor
Monitor ::model::power_10_micron is outside the simulation and will not record any data
Adding 3D DFT monitor
Monitor ::model::power_20_micron is outside the simulation and will not record any data
Adding 3D DFT monitor
Monitor ::model::power_30_micron is outside the simulation and will not record any data
Adding 3D DFT monitor
Monitor ::model::power_40_micron is outside the simulation and will not record any data
Adding 3D DFT monitor
Monitor ::model::power_50_micron is outside the simulation and will not record any data
Adding 3D DFT monitor
Monitor ::model::power_60_micron is outside the simulation and will not record any data
Adding 3D DFT monitor
Monitor ::model::power_70_micron is outside the simulation and will not record any data
Adding 3D DFT monitor
Monitor ::model::power_80_micron is outside the simulation and will not record any data
Adding 3D DFT monitor
Monitor ::model::ion_power is outside the simulation and will not record any data
Adding 3D DFT monitor
Adding 3D DFT monitor
Adding 3D index monitor
Adding 3D index monitor
Adding 3D DFT monitor
Adding 3D DFT monitor
Adding 3D DFT monitor
Adding 3D DFT monitor
Adding 3D DFT monitor
Adding 3D DFT monitor
Adding 3D DFT monitor
Adding 3D DFT monitor
Adding 3D DFT monitor
Adding 3D DFT monitor
Adding 3D DFT monitor
Adding 3D DFT monitor
Adding 3D DFT monitor
Adding 3D DFT monitor
Adding 3D DFT monitor
Adding 3D DFT monitor
Adding 3D DFT monitor
Adding 3D DFT monitor
Adding 3D DFT monitor
Adding 3D DFT monitor
Adding 3D DFT monitor
Finished initialization of 3D Simulation
-----------------------------------------
All processes are communicating and ready to proceed to simulation...
Starting 31741 total iterations
0.0756113% complete. Max time remaining: 3 hrs, 38 mins, 56 secs. Auto Shutoff: 1
1.08376% complete. Max time remaining: 3 hrs, 33 mins, 56 secs. Auto Shutoff: 1
2.09191% complete. Max time remaining: 3 hrs, 35 mins, 14 secs. Auto Shutoff: 1
3.10006% complete. Max time remaining: 3 hrs, 33 mins, 46 secs. Auto Shutoff: 1
4.10821% complete. Max time remaining: 3 hrs, 31 mins, 16 secs. Auto Shutoff: 1
5.11636% complete. Max time remaining: 3 hrs, 28 mins, 32 secs. Auto Shutoff: 1
6.11821% complete. Max time remaining: 3 hrs, 26 mins, 34 secs. Auto Shutoff: 1
7.12636% complete. Max time remaining: 3 hrs, 24 mins, 6 secs. Auto Shutoff: 1
8.13451% complete. Max time remaining: 3 hrs, 22 mins, 0 secs. Auto Shutoff: 1
9.14266% complete. Max time remaining: 3 hrs, 19 mins, 51 secs. Auto Shutoff: 0.99978
10.1508% complete. Max time remaining: 3 hrs, 17 mins, 28 secs. Auto Shutoff: 0.999746
11.159% complete. Max time remaining: 3 hrs, 15 mins, 15 secs. Auto Shutoff: 0.99973
12.1671% complete. Max time remaining: 3 hrs, 12 mins, 54 secs. Auto Shutoff: 0.999845
13.169% complete. Max time remaining: 3 hrs, 10 mins, 37 secs. Auto Shutoff: 1.0032
14.1771% complete. Max time remaining: 3 hrs, 8 mins, 22 secs. Auto Shutoff: 1.01006
15.1853% complete. Max time remaining: 3 hrs, 6 mins, 7 secs. Auto Shutoff: 1.00307
16.1934% complete. Max time remaining: 3 hrs, 3 mins, 49 secs. Auto Shutoff: 0.992861
17.2016% complete. Max time remaining: 3 hrs, 1 min, 31 secs. Auto Shutoff: 0.980751
18.2034% complete. Max time remaining: 2 hrs, 59 mins, 22 secs. Auto Shutoff: 0.96474
19.2116% complete. Max time remaining: 2 hrs, 57 mins, 10 secs. Auto Shutoff: 0.947454
20.2197% complete. Max time remaining: 2 hrs, 54 mins, 55 secs. Auto Shutoff: 0.907527
21.2216% complete. Max time remaining: 2 hrs, 52 mins, 41 secs. Auto Shutoff: 0.853155
22.2297% complete. Max time remaining: 2 hrs, 50 mins, 23 secs. Auto Shutoff: 0.81736
23.2379% complete. Max time remaining: 2 hrs, 48 mins, 12 secs. Auto Shutoff: 0.78617
24.246% complete. Max time remaining: 2 hrs, 46 mins, 0 secs. Auto Shutoff: 0.763323
25.2542% complete. Max time remaining: 2 hrs, 43 mins, 45 secs. Auto Shutoff: 0.738919
26.2623% complete. Max time remaining: 2 hrs, 41 mins, 31 secs. Auto Shutoff: 0.70834
27.2705% complete. Max time remaining: 2 hrs, 39 mins, 19 secs. Auto Shutoff: 0.675178
28.2786% complete. Max time remaining: 2 hrs, 37 mins, 8 secs. Auto Shutoff: 0.653184
29.2868% complete. Max time remaining: 2 hrs, 34 mins, 57 secs. Auto Shutoff: 0.633396
30.2949% complete. Max time remaining: 2 hrs, 32 mins, 45 secs. Auto Shutoff: 0.614872
31.3031% complete. Max time remaining: 2 hrs, 30 mins, 31 secs. Auto Shutoff: 0.598167
32.3112% complete. Max time remaining: 2 hrs, 28 mins, 19 secs. Auto Shutoff: 0.582463
33.3194% complete. Max time remaining: 2 hrs, 26 mins, 6 secs. Auto Shutoff: 0.562433
34.3275% complete. Max time remaining: 2 hrs, 23 mins, 54 secs. Auto Shutoff: 0.551465
35.3357% complete. Max time remaining: 2 hrs, 21 mins, 40 secs. Auto Shutoff: 0.543042
36.3438% complete. Max time remaining: 2 hrs, 19 mins, 28 secs. Auto Shutoff: 0.531805
37.352% complete. Max time remaining: 2 hrs, 17 mins, 16 secs. Auto Shutoff: 0.518535
38.3538% complete. Max time remaining: 2 hrs, 15 mins, 3 secs. Auto Shutoff: 0.507378
39.362% complete. Max time remaining: 2 hrs, 12 mins, 51 secs. Auto Shutoff: 0.493554
40.3701% complete. Max time remaining: 2 hrs, 10 mins, 39 secs. Auto Shutoff: 0.482373
41.3783% complete. Max time remaining: 2 hrs, 8 mins, 25 secs. Auto Shutoff: 0.470242
42.3801% complete. Max time remaining: 2 hrs, 6 mins, 13 secs. Auto Shutoff: 0.457549
43.3883% complete. Max time remaining: 2 hrs, 3 mins, 60 secs. Auto Shutoff: 0.445498
44.3901% complete. Max time remaining: 2 hrs, 1 min, 47 secs. Auto Shutoff: 0.429272
45.3983% complete. Max time remaining: 1 hr, 59 mins, 34 secs. Auto Shutoff: 0.358517
46.4064% complete. Max time remaining: 1 hr, 57 mins, 20 secs. Auto Shutoff: 0.207432
47.4146% complete. Max time remaining: 1 hr, 55 mins, 7 secs. Auto Shutoff: 0.0807289
48.4227% complete. Max time remaining: 1 hr, 52 mins, 54 secs. Auto Shutoff: 0.0272414
49.4309% complete. Max time remaining: 1 hr, 50 mins, 40 secs. Auto Shutoff: 0.00980062
50.439% complete. Max time remaining: 1 hr, 48 mins, 27 secs. Auto Shutoff: 0.0057691
51.4472% complete. Max time remaining: 1 hr, 46 mins, 14 secs. Auto Shutoff: 0.00486032
52.4553% complete. Max time remaining: 1 hr, 44 mins, 2 secs. Auto Shutoff: 0.00445785
53.4635% complete. Max time remaining: 1 hr, 41 mins, 50 secs. Auto Shutoff: 0.00392935
54.4716% complete. Max time remaining: 1 hr, 39 mins, 37 secs. Auto Shutoff: 0.00343898
55.4798% complete. Max time remaining: 1 hr, 37 mins, 25 secs. Auto Shutoff: 0.00308135
56.4879% complete. Max time remaining: 1 hr, 35 mins, 12 secs. Auto Shutoff: 0.00270716
57.4961% complete. Max time remaining: 1 hr, 33 mins, 0 secs. Auto Shutoff: 0.00220852
58.5042% complete. Max time remaining: 1 hr, 30 mins, 46 secs. Auto Shutoff: 0.00189589
59.5061% complete. Max time remaining: 1 hr, 28 mins, 34 secs. Auto Shutoff: 0.00160691
60.5142% complete. Max time remaining: 1 hr, 26 mins, 21 secs. Auto Shutoff: 0.0013648
61.5224% complete. Max time remaining: 1 hr, 24 mins, 8 secs. Auto Shutoff: 0.00119287
62.5242% complete. Max time remaining: 1 hr, 21 mins, 56 secs. Auto Shutoff: 0.00106893
63.5324% complete. Max time remaining: 1 hr, 19 mins, 43 secs. Auto Shutoff: 0.000962318
64.5405% complete. Max time remaining: 1 hr, 17 mins, 31 secs. Auto Shutoff: 0.000918384
65.5487% complete. Max time remaining: 1 hr, 15 mins, 19 secs. Auto Shutoff: 0.000877066
66.5505% complete. Max time remaining: 1 hr, 13 mins, 7 secs. Auto Shutoff: 0.000847801
67.5587% complete. Max time remaining: 1 hr, 10 mins, 55 secs. Auto Shutoff: 0.000808055
68.5668% complete. Max time remaining: 1 hr, 8 mins, 43 secs. Auto Shutoff: 0.000757482
69.575% complete. Max time remaining: 1 hr, 6 mins, 30 secs. Auto Shutoff: 0.000682045
70.5768% complete. Max time remaining: 1 hr, 4 mins, 19 secs. Auto Shutoff: 0.000619205
71.585% complete. Max time remaining: 1 hr, 2 mins, 7 secs. Auto Shutoff: 0.000577514
72.5931% complete. Max time remaining: 59 mins, 55 secs. Auto Shutoff: 0.000551243
73.6013% complete. Max time remaining: 57 mins, 43 secs. Auto Shutoff: 0.000509571
74.6094% complete. Max time remaining: 55 mins, 30 secs. Auto Shutoff: 0.000443374
75.6176% complete. Max time remaining: 53 mins, 18 secs. Auto Shutoff: 0.000373027
76.6257% complete. Max time remaining: 51 mins, 5 secs. Auto Shutoff: 0.000337081
77.6339% complete. Max time remaining: 48 mins, 53 secs. Auto Shutoff: 0.000316962
78.6357% complete. Max time remaining: 46 mins, 41 secs. Auto Shutoff: 0.000309753
79.6439% complete. Max time remaining: 44 mins, 29 secs. Auto Shutoff: 0.000321605
80.652% complete. Max time remaining: 42 mins, 17 secs. Auto Shutoff: 0.00034024
81.6602% complete. Max time remaining: 40 mins, 5 secs. Auto Shutoff: 0.000349352
82.6683% complete. Max time remaining: 37 mins, 53 secs. Auto Shutoff: 0.000298523
83.6765% complete. Max time remaining: 35 mins, 41 secs. Auto Shutoff: 0.000246699
Early termination of simulation by user request
Completed 26840 iterations, or 2.536758e-12s of Simulation Time
Process 0 starting to collect data
    collecting monitor data
Monitor ::model::power_10_micron is outside the simulation and will not record any data
Monitor ::model::power_20_micron is outside the simulation and will not record any data
Monitor ::model::power_30_micron is outside the simulation and will not record any data
Monitor ::model::power_40_micron is outside the simulation and will not record any data
Monitor ::model::power_50_micron is outside the simulation and will not record any data
Monitor ::model::power_60_micron is outside the simulation and will not record any data
Monitor ::model::power_70_micron is outside the simulation and will not record any data
Monitor ::model::power_80_micron is outside the simulation and will not record any data
Monitor ::model::ion_power is outside the simulation and will not record any data
    collecting source data
Finished collecting data
Simulation completed successfully at: Thu Feb 10 14:46:46 2022
Overall wall time measurements in seconds: 11340.9
    time to mesh and initialize: 229.683
    time to run FDTD simulation: 11089.8
    time to checkpoint simulation: 1e-06
    time to finalize data and save to files: 13.104
    miscellaneous time: 8.29654
    FDTD solver speed on process 0: 40.4652 Mnodes/s
    total FDTD solver speed on 8 processes: 323.722 Mnodes/s
