SUMMARY OF C0NVERGENCE INFORMATION
  STEP   INC  ATT   ITER     CONT.   RESID.        CORR.      RESID.      CORR.
                              EL.    FORCE         DISP       FLUX        TEMP.
                              (#)     (%)           (%)        (%)         (%)
     1     1     1     1        0  0.2074E+03  0.1000E+03  0.0000E+00  0.0000E+00
     1     1     1     2        0  0.2275E-01  0.3156E+00  0.0000E+00  0.0000E+00
     1     2     1     1        0  0.6133E-01  0.5958E+00  0.0000E+00  0.0000E+00
     1     2     1     2        0  0.0000E+00  0.2759E-02  0.0000E+00  0.0000E+00
     1     3     1     1        0  0.1457E+00  0.6394E+00  0.0000E+00  0.0000E+00
     1     3     1     2        0  0.0000E+00  0.5646E-02  0.0000E+00  0.0000E+00
     1     4     1     1        0  0.4756E+00  0.6756E+00  0.0000E+00  0.0000E+00
     1     4     1     2        0  0.0000E+00  0.1410E-01  0.0000E+00  0.0000E+00
     1     5     1     1        0  0.1302E+01  0.1165E+01  0.0000E+00  0.0000E+00
     1     5     1     2        0  0.5058E-02  0.9456E-01  0.0000E+00  0.0000E+00
     1     6     1     1        0  0.2904E+01  0.2404E+01  0.0000E+00  0.0000E+00
     1     6     1     2        0  0.5118E-01  0.3131E+00  0.0000E+00  0.0000E+00
     1     7     1     1        0  0.3589E+01  0.3561E+01  0.0000E+00  0.0000E+00
     1     7     1     2        0  0.5620E-01  0.3915E+00  0.0000E+00  0.0000E+00
     1     8     1     1        0  0.1464E+01  0.3313E+01  0.0000E+00  0.0000E+00
     1     8     1     2        0  0.3951E-02  0.1770E+00  0.0000E+00  0.0000E+00
