SUMMARY OF C0NVERGENCE INFORMATION
  STEP   INC  ATT   ITER     CONT.   RESID.        CORR.      RESID.      CORR.
                              EL.    FORCE         DISP       FLUX        TEMP.
                              (#)     (%)           (%)        (%)         (%)
     1     1     1     1        0  0.7612E+02  0.1000E+03  0.0000E+00  0.0000E+00
     1     1     1     2        0  0.0000E+00  0.4770E-01  0.0000E+00  0.0000E+00
     1     2     1     1        0  0.0000E+00  0.9538E-01  0.0000E+00  0.0000E+00
     1     2     1     2        0  0.0000E+00  0.8571E-06  0.0000E+00  0.0000E+00
     1     3     1     1        0  0.0000E+00  0.1192E+00  0.0000E+00  0.0000E+00
     1     3     1     2        0  0.0000E+00  0.1805E-05  0.0000E+00  0.0000E+00
     1     4     1     1        0  0.0000E+00  0.1788E+00  0.0000E+00  0.0000E+00
     1     4     1     2        0  0.0000E+00  0.5135E-05  0.0000E+00  0.0000E+00
     1     5     1     1        0  0.5783E-02  0.2681E+00  0.0000E+00  0.0000E+00
     1     5     1     2        0  0.0000E+00  0.1444E-04  0.0000E+00  0.0000E+00
     1     6     1     1        0  0.1038E-01  0.3513E+00  0.0000E+00  0.0000E+00
     1     6     1     2        0  0.0000E+00  0.2920E-04  0.0000E+00  0.0000E+00
     1     7     1     1        0  0.9522E-02  0.3809E+00  0.0000E+00  0.0000E+00
     1     7     1     2        0  0.0000E+00  0.3515E-04  0.0000E+00  0.0000E+00
     1     8     1     1        0  0.2992E-02  0.3273E+00  0.0000E+00  0.0000E+00
     1     8     1     2        0  0.0000E+00  0.2014E-04  0.0000E+00  0.0000E+00
