SUMMARY OF C0NVERGENCE INFORMATION
  STEP   INC  ATT   ITER     CONT.   RESID.        CORR.      RESID.      CORR.
                              EL.    FORCE         DISP       FLUX        TEMP.
                              (#)     (%)           (%)        (%)         (%)
     1     1     1     1        0  0.1727E+03  0.1000E+03  0.0000E+00  0.0000E+00
     1     1     1     2        0  0.0000E+00  0.1158E+00  0.0000E+00  0.0000E+00
     1     2     1     1        0  0.0000E+00  0.2316E+00  0.0000E+00  0.0000E+00
     1     2     1     2        0  0.0000E+00  0.1049E-04  0.0000E+00  0.0000E+00
     1     3     1     1        0  0.6379E-02  0.2894E+00  0.0000E+00  0.0000E+00
     1     3     1     2        0  0.0000E+00  0.1803E-04  0.0000E+00  0.0000E+00
     1     4     1     1        0  0.2285E-01  0.4338E+00  0.0000E+00  0.0000E+00
     1     4     1     2        0  0.0000E+00  0.5932E-04  0.0000E+00  0.0000E+00
     1     5     1     1        0  0.8287E-01  0.6503E+00  0.0000E+00  0.0000E+00
     1     5     1     2        0  0.0000E+00  0.2018E-03  0.0000E+00  0.0000E+00
     1     6     1     1        0  0.1488E+00  0.8521E+00  0.0000E+00  0.0000E+00
     1     6     1     2        0  0.0000E+00  0.6202E-03  0.0000E+00  0.0000E+00
     1     7     1     1        0  0.1365E+00  0.9238E+00  0.0000E+00  0.0000E+00
     1     7     1     2        0  0.0000E+00  0.1225E-02  0.0000E+00  0.0000E+00
     1     8     1     1        0  0.4295E-01  0.7937E+00  0.0000E+00  0.0000E+00
     1     8     1     2        0  0.0000E+00  0.9113E-03  0.0000E+00  0.0000E+00
