SUMMARY OF C0NVERGENCE INFORMATION
  STEP   INC  ATT   ITER     CONT.   RESID.        CORR.      RESID.      CORR.
                              EL.    FORCE         DISP       FLUX        TEMP.
                              (#)     (%)           (%)        (%)         (%)
     1     1     1     1        0  0.3244E+03  0.1000E+03  0.0000E+00  0.0000E+00
     1     1     1     2        0  0.8525E-01  0.4799E+00  0.0000E+00  0.0000E+00
     1     2     1     1        0  0.2287E+00  0.8636E+00  0.0000E+00  0.0000E+00
     1     2     1     2        0  0.0000E+00  0.9717E-02  0.0000E+00  0.0000E+00
     1     3     1     1        0  0.5076E+00  0.7695E+00  0.0000E+00  0.0000E+00
     1     3     1     2        0  0.0000E+00  0.1595E-01  0.0000E+00  0.0000E+00
     1     4     1     1        0  0.1394E+01  0.1132E+01  0.0000E+00  0.0000E+00
     1     4     1     2        0  0.5157E-02  0.9558E-01  0.0000E+00  0.0000E+00
     1     5     1     1        0  0.5522E+01  0.2693E+01  0.0000E+00  0.0000E+00
     1     5     1     2        0  0.2234E+00  0.5313E+00  0.0000E+00  0.0000E+00
     1     6     1     1        0  0.1224E+02  0.4691E+01  0.0000E+00  0.0000E+00
     1     6     1     2        0  0.6243E+00  0.9545E+00  0.0000E+00  0.0000E+00
     1     6     1     3        0  0.0000E+00  0.6406E-02  0.0000E+00  0.0000E+00
     1     7     1     1        0  0.1654E+02  0.4620E+01  0.0000E+00  0.0000E+00
     1     7     1     2        0  0.6473E+00  0.7272E+00  0.0000E+00  0.0000E+00
     1     7     1     3        0  0.0000E+00  0.3059E-02  0.0000E+00  0.0000E+00
     1     8     1     1        0  0.6041E+01  0.3059E+01  0.0000E+00  0.0000E+00
     1     8     1     2        0  0.6448E-01  0.2657E+00  0.0000E+00  0.0000E+00
