SUMMARY OF C0NVERGENCE INFORMATION
  STEP   INC  ATT   ITER     CONT.   RESID.        CORR.      RESID.      CORR.
                              EL.    FORCE         DISP       FLUX        TEMP.
                              (#)     (%)           (%)        (%)         (%)
     1     1     1     1        0  0.6562E+02  0.1000E+03  0.0000E+00  0.0000E+00
     1     1     1     2        0  0.0000E+00  0.1037E+00  0.0000E+00  0.0000E+00
     1     2     1     1        0  0.2015E-02  0.2043E+00  0.0000E+00  0.0000E+00
     1     2     1     2        0  0.0000E+00  0.9574E-04  0.0000E+00  0.0000E+00
     1     3     1     1        0  0.4931E-02  0.2477E+00  0.0000E+00  0.0000E+00
     1     3     1     2        0  0.0000E+00  0.2206E-03  0.0000E+00  0.0000E+00
     1     4     1     1        0  0.1771E-01  0.3535E+00  0.0000E+00  0.0000E+00
     1     4     1     2        0  0.0000E+00  0.7193E-03  0.0000E+00  0.0000E+00
     1     5     1     1        0  0.6350E-01  0.4809E+00  0.0000E+00  0.0000E+00
     1     5     1     2        0  0.0000E+00  0.2233E-02  0.0000E+00  0.0000E+00
     1     6     1     1        0  0.1095E+00  0.5241E+00  0.0000E+00  0.0000E+00
     1     6     1     2        0  0.0000E+00  0.3773E-02  0.0000E+00  0.0000E+00
     1     7     1     1        0  0.9232E-01  0.4070E+00  0.0000E+00  0.0000E+00
     1     7     1     2        0  0.0000E+00  0.4490E-02  0.0000E+00  0.0000E+00
     1     8     1     1        0  0.2591E-01  0.4296E+00  0.0000E+00  0.0000E+00
     1     8     1     2        0  0.0000E+00  0.3418E-02  0.0000E+00  0.0000E+00
