SUMMARY OF C0NVERGENCE INFORMATION
  STEP   INC  ATT   ITER     CONT.   RESID.        CORR.      RESID.      CORR.
                              EL.    FORCE         DISP       FLUX        TEMP.
                              (#)     (%)           (%)        (%)         (%)
     1     1     1     1        0  0.3313E+03  0.1000E+03  0.0000E+00  0.0000E+00
     1     1     1     2        0  0.9073E-01  0.4893E+00  0.0000E+00  0.0000E+00
     1     2     1     1        0  0.2433E+00  0.8777E+00  0.0000E+00  0.0000E+00
     1     2     1     2        0  0.0000E+00  0.1030E-01  0.0000E+00  0.0000E+00
     1     3     1     1        0  0.5371E+00  0.7708E+00  0.0000E+00  0.0000E+00
     1     3     1     2        0  0.3145E-03  0.1661E-01  0.0000E+00  0.0000E+00
     1     4     1     1        0  0.1458E+01  0.1176E+01  0.0000E+00  0.0000E+00
     1     4     1     2        0  0.6249E-02  0.1046E+00  0.0000E+00  0.0000E+00
     1     5     1     1        0  0.5947E+01  0.2793E+01  0.0000E+00  0.0000E+00
     1     5     1     2        0  0.2604E+00  0.5680E+00  0.0000E+00  0.0000E+00
     1     6     1     1        0  0.1342E+02  0.4788E+01  0.0000E+00  0.0000E+00
     1     6     1     2        0  0.6634E+00  0.9858E+00  0.0000E+00  0.0000E+00
     1     6     1     3        0  0.0000E+00  0.6874E-02  0.0000E+00  0.0000E+00
     1     7     1     1        0  0.1780E+02  0.4601E+01  0.0000E+00  0.0000E+00
     1     7     1     2        0  0.7388E+00  0.7408E+00  0.0000E+00  0.0000E+00
     1     7     1     3        0  0.0000E+00  0.3231E-02  0.0000E+00  0.0000E+00
     1     8     1     1        0  0.6216E+01  0.3017E+01  0.0000E+00  0.0000E+00
     1     8     1     2        0  0.6761E-01  0.2665E+00  0.0000E+00  0.0000E+00
