SUMMARY OF C0NVERGENCE INFORMATION
  STEP   INC  ATT   ITER     CONT.   RESID.        CORR.      RESID.      CORR.
                              EL.    FORCE         DISP       FLUX        TEMP.
                              (#)     (%)           (%)        (%)         (%)
     1     1     1     1        0  0.3341E+03  0.1000E+03  0.0000E+00  0.0000E+00
     1     1     1     2        0  0.1188E-01  0.2657E+00  0.0000E+00  0.0000E+00
     1     2     1     1        0  0.3168E-01  0.5311E+00  0.0000E+00  0.0000E+00
     1     2     1     2        0  0.0000E+00  0.8845E-04  0.0000E+00  0.0000E+00
     1     3     1     1        0  0.7707E-01  0.6633E+00  0.0000E+00  0.0000E+00
     1     3     1     2        0  0.0000E+00  0.2035E-03  0.0000E+00  0.0000E+00
     1     4     1     1        0  0.2761E+00  0.9940E+00  0.0000E+00  0.0000E+00
     1     4     1     2        0  0.0000E+00  0.9626E-03  0.0000E+00  0.0000E+00
     1     5     1     1        0  0.1002E+01  0.1489E+01  0.0000E+00  0.0000E+00
     1     5     1     2        0  0.0000E+00  0.6401E-02  0.0000E+00  0.0000E+00
     1     6     1     1        0  0.1799E+01  0.1952E+01  0.0000E+00  0.0000E+00
     1     6     1     2        0  0.8179E-03  0.1993E-01  0.0000E+00  0.0000E+00
     1     7     1     1        0  0.1654E+01  0.2119E+01  0.0000E+00  0.0000E+00
     1     7     1     2        0  0.1705E-02  0.3231E-01  0.0000E+00  0.0000E+00
     1     8     1     1        0  0.5229E+00  0.1825E+01  0.0000E+00  0.0000E+00
     1     8     1     2        0  0.0000E+00  0.2336E-01  0.0000E+00  0.0000E+00
