SUMMARY OF C0NVERGENCE INFORMATION
  STEP   INC  ATT   ITER     CONT.   RESID.        CORR.      RESID.      CORR.
                              EL.    FORCE         DISP       FLUX        TEMP.
                              (#)     (%)           (%)        (%)         (%)
     1     1     1     1        0  0.3329E+02  0.1000E+03  0.0000E+00  0.0000E+00
     1     1     1     2        0  0.0000E+00  0.2044E-01  0.0000E+00  0.0000E+00
     1     2     1     1        0  0.0000E+00  0.4088E-01  0.0000E+00  0.0000E+00
     1     2     1     2        0  0.0000E+00  0.7139E-07  0.0000E+00  0.0000E+00
     1     3     1     1        0  0.0000E+00  0.5110E-01  0.0000E+00  0.0000E+00
     1     3     1     2        0  0.0000E+00  0.1605E-06  0.0000E+00  0.0000E+00
     1     4     1     1        0  0.0000E+00  0.7664E-01  0.0000E+00  0.0000E+00
     1     4     1     2        0  0.0000E+00  0.5093E-06  0.0000E+00  0.0000E+00
     1     5     1     1        0  0.0000E+00  0.1149E+00  0.0000E+00  0.0000E+00
     1     5     1     2        0  0.0000E+00  0.1555E-05  0.0000E+00  0.0000E+00
     1     6     1     1        0  0.0000E+00  0.1507E+00  0.0000E+00  0.0000E+00
     1     6     1     2        0  0.0000E+00  0.2740E-05  0.0000E+00  0.0000E+00
     1     7     1     1        0  0.0000E+00  0.1634E+00  0.0000E+00  0.0000E+00
     1     7     1     2        0  0.0000E+00  0.2797E-05  0.0000E+00  0.0000E+00
     1     8     1     1        0  0.0000E+00  0.1404E+00  0.0000E+00  0.0000E+00
     1     8     1     2        0  0.0000E+00  0.1499E-05  0.0000E+00  0.0000E+00
