SUMMARY OF C0NVERGENCE INFORMATION
  STEP   INC  ATT   ITER     CONT.   RESID.        CORR.      RESID.      CORR.
                              EL.    FORCE         DISP       FLUX        TEMP.
                              (#)     (%)           (%)        (%)         (%)
     1     1     1     1        0  0.2227E+02  0.1000E+03  0.0000E+00  0.0000E+00
     1     1     1     2        0  0.0000E+00  0.1363E-01  0.0000E+00  0.0000E+00
     1     2     1     1        0  0.0000E+00  0.2725E-01  0.0000E+00  0.0000E+00
     1     2     1     2        0  0.0000E+00  0.2144E-07  0.0000E+00  0.0000E+00
     1     3     1     1        0  0.0000E+00  0.3407E-01  0.0000E+00  0.0000E+00
     1     3     1     2        0  0.0000E+00  0.4891E-07  0.0000E+00  0.0000E+00
     1     4     1     1        0  0.0000E+00  0.5110E-01  0.0000E+00  0.0000E+00
     1     4     1     2        0  0.0000E+00  0.1587E-06  0.0000E+00  0.0000E+00
     1     5     1     1        0  0.0000E+00  0.7664E-01  0.0000E+00  0.0000E+00
     1     5     1     2        0  0.0000E+00  0.5032E-06  0.0000E+00  0.0000E+00
     1     6     1     1        0  0.0000E+00  0.1005E+00  0.0000E+00  0.0000E+00
     1     6     1     2        0  0.0000E+00  0.9404E-06  0.0000E+00  0.0000E+00
     1     7     1     1        0  0.0000E+00  0.1090E+00  0.0000E+00  0.0000E+00
     1     7     1     2        0  0.0000E+00  0.9949E-06  0.0000E+00  0.0000E+00
     1     8     1     1        0  0.0000E+00  0.9363E-01  0.0000E+00  0.0000E+00
     1     8     1     2        0  0.0000E+00  0.4759E-06  0.0000E+00  0.0000E+00
