SUMMARY OF C0NVERGENCE INFORMATION
  STEP   INC  ATT   ITER     CONT.   RESID.        CORR.      RESID.      CORR.
                              EL.    FORCE         DISP       FLUX        TEMP.
                              (#)     (%)           (%)        (%)         (%)
     1     1     1     1        0  0.2686E+03  0.1000E+03  0.0000E+00  0.0000E+00
     1     1     1     2        0  0.4882E-02  0.1976E+00  0.0000E+00  0.0000E+00
     1     2     1     1        0  0.1302E-01  0.3950E+00  0.0000E+00  0.0000E+00
     1     2     1     2        0  0.0000E+00  0.4146E-04  0.0000E+00  0.0000E+00
     1     3     1     1        0  0.3168E-01  0.4934E+00  0.0000E+00  0.0000E+00
     1     3     1     2        0  0.0000E+00  0.8576E-04  0.0000E+00  0.0000E+00
     1     4     1     1        0  0.1135E+00  0.7395E+00  0.0000E+00  0.0000E+00
     1     4     1     2        0  0.0000E+00  0.2968E-03  0.0000E+00  0.0000E+00
     1     5     1     1        0  0.4116E+00  0.1108E+01  0.0000E+00  0.0000E+00
     1     5     1     2        0  0.0000E+00  0.1797E-02  0.0000E+00  0.0000E+00
     1     6     1     1        0  0.7393E+00  0.1452E+01  0.0000E+00  0.0000E+00
     1     6     1     2        0  0.0000E+00  0.6372E-02  0.0000E+00  0.0000E+00
     1     7     1     1        0  0.6793E+00  0.1575E+01  0.0000E+00  0.0000E+00
     1     7     1     2        0  0.0000E+00  0.1100E-01  0.0000E+00  0.0000E+00
     1     8     1     1        0  0.2142E+00  0.1355E+01  0.0000E+00  0.0000E+00
     1     8     1     2        0  0.0000E+00  0.7913E-02  0.0000E+00  0.0000E+00
