SUMMARY OF C0NVERGENCE INFORMATION
  STEP   INC  ATT   ITER     CONT.   RESID.        CORR.      RESID.      CORR.
                              EL.    FORCE         DISP       FLUX        TEMP.
                              (#)     (%)           (%)        (%)         (%)
     1     1     1     1        0  0.1453E+03  0.1000E+03  0.0000E+00  0.0000E+00
     1     1     1     2        0  0.0000E+00  0.9538E-01  0.0000E+00  0.0000E+00
     1     2     1     1        0  0.0000E+00  0.1907E+00  0.0000E+00  0.0000E+00
     1     2     1     2        0  0.0000E+00  0.6158E-05  0.0000E+00  0.0000E+00
     1     3     1     1        0  0.0000E+00  0.2383E+00  0.0000E+00  0.0000E+00
     1     3     1     2        0  0.0000E+00  0.1116E-04  0.0000E+00  0.0000E+00
     1     4     1     1        0  0.1276E-01  0.3574E+00  0.0000E+00  0.0000E+00
     1     4     1     2        0  0.0000E+00  0.3358E-04  0.0000E+00  0.0000E+00
     1     5     1     1        0  0.4628E-01  0.5357E+00  0.0000E+00  0.0000E+00
     1     5     1     2        0  0.0000E+00  0.1113E-03  0.0000E+00  0.0000E+00
     1     6     1     1        0  0.8308E-01  0.7020E+00  0.0000E+00  0.0000E+00
     1     6     1     2        0  0.0000E+00  0.2677E-03  0.0000E+00  0.0000E+00
     1     7     1     1        0  0.7623E-01  0.7610E+00  0.0000E+00  0.0000E+00
     1     7     1     2        0  0.0000E+00  0.5110E-03  0.0000E+00  0.0000E+00
     1     8     1     1        0  0.2397E-01  0.6538E+00  0.0000E+00  0.0000E+00
     1     8     1     2        0  0.0000E+00  0.3906E-03  0.0000E+00  0.0000E+00
