SUMMARY OF C0NVERGENCE INFORMATION
  STEP   INC  ATT   ITER     CONT.   RESID.        CORR.      RESID.      CORR.
                              EL.    FORCE         DISP       FLUX        TEMP.
                              (#)     (%)           (%)        (%)         (%)
     1     1     1     1        0  0.1597E+03  0.1000E+03  0.0000E+00  0.0000E+00
     1     1     1     2        0  0.1050E-01  0.2459E+00  0.0000E+00  0.0000E+00
     1     2     1     1        0  0.2831E-01  0.4718E+00  0.0000E+00  0.0000E+00
     1     2     1     2        0  0.0000E+00  0.1299E-02  0.0000E+00  0.0000E+00
     1     3     1     1        0  0.6837E-01  0.5330E+00  0.0000E+00  0.0000E+00
     1     3     1     2        0  0.0000E+00  0.2807E-02  0.0000E+00  0.0000E+00
     1     4     1     1        0  0.2341E+00  0.6494E+00  0.0000E+00  0.0000E+00
     1     4     1     2        0  0.0000E+00  0.7698E-02  0.0000E+00  0.0000E+00
     1     5     1     1        0  0.7239E+00  0.7270E+00  0.0000E+00  0.0000E+00
     1     5     1     2        0  0.6910E-03  0.3043E-01  0.0000E+00  0.0000E+00
     1     6     1     1        0  0.1037E+01  0.1440E+01  0.0000E+00  0.0000E+00
     1     6     1     2        0  0.5541E-02  0.1144E+00  0.0000E+00  0.0000E+00
     1     7     1     1        0  0.1499E+01  0.2337E+01  0.0000E+00  0.0000E+00
     1     7     1     2        0  0.1126E-01  0.1918E+00  0.0000E+00  0.0000E+00
     1     8     1     1        0  0.6130E+00  0.2559E+01  0.0000E+00  0.0000E+00
     1     8     1     2        0  0.1391E-02  0.1082E+00  0.0000E+00  0.0000E+00
