SUMMARY OF C0NVERGENCE INFORMATION
  STEP   INC  ATT   ITER     CONT.   RESID.        CORR.      RESID.      CORR.
                              EL.    FORCE         DISP       FLUX        TEMP.
                              (#)     (%)           (%)        (%)         (%)
     1     1     1     1        0  0.9899E+02  0.1000E+03  0.0000E+00  0.0000E+00
     1     1     1     2        0  0.2546E-02  0.1549E+00  0.0000E+00  0.0000E+00
     1     2     1     1        0  0.6846E-02  0.3026E+00  0.0000E+00  0.0000E+00
     1     2     1     2        0  0.0000E+00  0.3215E-03  0.0000E+00  0.0000E+00
     1     3     1     1        0  0.1672E-01  0.3593E+00  0.0000E+00  0.0000E+00
     1     3     1     2        0  0.0000E+00  0.7283E-03  0.0000E+00  0.0000E+00
     1     4     1     1        0  0.5947E-01  0.4916E+00  0.0000E+00  0.0000E+00
     1     4     1     2        0  0.0000E+00  0.2279E-02  0.0000E+00  0.0000E+00
     1     5     1     1        0  0.2060E+00  0.6026E+00  0.0000E+00  0.0000E+00
     1     5     1     2        0  0.0000E+00  0.6278E-02  0.0000E+00  0.0000E+00
     1     6     1     1        0  0.3279E+00  0.5808E+00  0.0000E+00  0.0000E+00
     1     6     1     2        0  0.0000E+00  0.1416E-01  0.0000E+00  0.0000E+00
     1     7     1     1        0  0.2427E+00  0.8749E+00  0.0000E+00  0.0000E+00
     1     7     1     2        0  0.0000E+00  0.2802E-01  0.0000E+00  0.0000E+00
     1     8     1     1        0  0.9200E-01  0.1032E+01  0.0000E+00  0.0000E+00
     1     8     1     2        0  0.0000E+00  0.2122E-01  0.0000E+00  0.0000E+00
