SUMMARY OF C0NVERGENCE INFORMATION
  STEP   INC  ATT   ITER     CONT.   RESID.        CORR.      RESID.      CORR.
                              EL.    FORCE         DISP       FLUX        TEMP.
                              (#)     (%)           (%)        (%)         (%)
     1     1     1     1        0  0.1359E+03  0.1000E+03  0.0000E+00  0.0000E+00
     1     1     1     2        0  0.0000E+00  0.8857E-01  0.0000E+00  0.0000E+00
     1     2     1     1        0  0.0000E+00  0.1771E+00  0.0000E+00  0.0000E+00
     1     2     1     2        0  0.0000E+00  0.5010E-05  0.0000E+00  0.0000E+00
     1     3     1     1        0  0.0000E+00  0.2213E+00  0.0000E+00  0.0000E+00
     1     3     1     2        0  0.0000E+00  0.9311E-05  0.0000E+00  0.0000E+00
     1     4     1     1        0  0.1022E-01  0.3319E+00  0.0000E+00  0.0000E+00
     1     4     1     2        0  0.0000E+00  0.2702E-04  0.0000E+00  0.0000E+00
     1     5     1     1        0  0.3705E-01  0.4975E+00  0.0000E+00  0.0000E+00
     1     5     1     2        0  0.0000E+00  0.8928E-04  0.0000E+00  0.0000E+00
     1     6     1     1        0  0.6651E-01  0.6519E+00  0.0000E+00  0.0000E+00
     1     6     1     2        0  0.0000E+00  0.2011E-03  0.0000E+00  0.0000E+00
     1     7     1     1        0  0.6102E-01  0.7068E+00  0.0000E+00  0.0000E+00
     1     7     1     2        0  0.0000E+00  0.3636E-03  0.0000E+00  0.0000E+00
     1     8     1     1        0  0.1918E-01  0.6072E+00  0.0000E+00  0.0000E+00
     1     8     1     2        0  0.0000E+00  0.2801E-03  0.0000E+00  0.0000E+00
