SUMMARY OF C0NVERGENCE INFORMATION
  STEP   INC  ATT   ITER     CONT.   RESID.        CORR.      RESID.      CORR.
                              EL.    FORCE         DISP       FLUX        TEMP.
                              (#)     (%)           (%)        (%)         (%)
     1     1     1     1        0  0.3175E+03  0.1000E+03  0.0000E+00  0.0000E+00
     1     1     1     2        0  0.8000E-01  0.4704E+00  0.0000E+00  0.0000E+00
     1     2     1     1        0  0.2147E+00  0.8493E+00  0.0000E+00  0.0000E+00
     1     2     1     2        0  0.0000E+00  0.9157E-02  0.0000E+00  0.0000E+00
     1     3     1     1        0  0.4790E+00  0.7674E+00  0.0000E+00  0.0000E+00
     1     3     1     2        0  0.0000E+00  0.1530E-01  0.0000E+00  0.0000E+00
     1     4     1     1        0  0.1331E+01  0.1088E+01  0.0000E+00  0.0000E+00
     1     4     1     2        0  0.4236E-02  0.8717E-01  0.0000E+00  0.0000E+00
     1     5     1     1        0  0.5109E+01  0.2594E+01  0.0000E+00  0.0000E+00
     1     5     1     2        0  0.1905E+00  0.4954E+00  0.0000E+00  0.0000E+00
     1     6     1     1        0  0.1110E+02  0.4588E+01  0.0000E+00  0.0000E+00
     1     6     1     2        0  0.5832E+00  0.9221E+00  0.0000E+00  0.0000E+00
     1     6     1     3        0  0.0000E+00  0.5932E-02  0.0000E+00  0.0000E+00
     1     7     1     1        0  0.1530E+02  0.4634E+01  0.0000E+00  0.0000E+00
     1     7     1     2        0  0.5607E+00  0.7131E+00  0.0000E+00  0.0000E+00
     1     7     1     3        0  0.0000E+00  0.2893E-02  0.0000E+00  0.0000E+00
     1     8     1     1        0  0.5838E+01  0.3101E+01  0.0000E+00  0.0000E+00
     1     8     1     2        0  0.6098E-01  0.2643E+00  0.0000E+00  0.0000E+00
