SUMMARY OF C0NVERGENCE INFORMATION
  STEP   INC  ATT   ITER     CONT.   RESID.        CORR.      RESID.      CORR.
                              EL.    FORCE         DISP       FLUX        TEMP.
                              (#)     (%)           (%)        (%)         (%)
     1     1     1     1        0  0.3459E+03  0.1000E+03  0.0000E+00  0.0000E+00
     1     1     1     2        0  0.1380E-01  0.2793E+00  0.0000E+00  0.0000E+00
     1     2     1     1        0  0.3681E-01  0.5583E+00  0.0000E+00  0.0000E+00
     1     2     1     2        0  0.0000E+00  0.1022E-03  0.0000E+00  0.0000E+00
     1     3     1     1        0  0.8955E-01  0.6972E+00  0.0000E+00  0.0000E+00
     1     3     1     2        0  0.0000E+00  0.2359E-03  0.0000E+00  0.0000E+00
     1     4     1     1        0  0.3208E+00  0.1045E+01  0.0000E+00  0.0000E+00
     1     4     1     2        0  0.0000E+00  0.1206E-02  0.0000E+00  0.0000E+00
     1     5     1     1        0  0.1164E+01  0.1566E+01  0.0000E+00  0.0000E+00
     1     5     1     2        0  0.0000E+00  0.7834E-02  0.0000E+00  0.0000E+00
     1     6     1     1        0  0.2090E+01  0.2052E+01  0.0000E+00  0.0000E+00
     1     6     1     2        0  0.1248E-02  0.2388E-01  0.0000E+00  0.0000E+00
     1     7     1     1        0  0.1922E+01  0.2228E+01  0.0000E+00  0.0000E+00
     1     7     1     2        0  0.2538E-02  0.3833E-01  0.0000E+00  0.0000E+00
     1     8     1     1        0  0.6080E+00  0.1920E+01  0.0000E+00  0.0000E+00
     1     8     1     2        0  0.5459E-03  0.2776E-01  0.0000E+00  0.0000E+00
