SUMMARY OF C0NVERGENCE INFORMATION
  STEP   INC  ATT   ITER     CONT.   RESID.        CORR.      RESID.      CORR.
                              EL.    FORCE         DISP       FLUX        TEMP.
                              (#)     (%)           (%)        (%)         (%)
     1     1     1     1        0  0.2554E+03  0.1000E+03  0.0000E+00  0.0000E+00
     1     1     1     2        0  0.4208E-01  0.3841E+00  0.0000E+00  0.0000E+00
     1     2     1     1        0  0.1133E+00  0.7122E+00  0.0000E+00  0.0000E+00
     1     2     1     2        0  0.0000E+00  0.4987E-02  0.0000E+00  0.0000E+00
     1     3     1     1        0  0.2631E+00  0.7164E+00  0.0000E+00  0.0000E+00
     1     3     1     2        0  0.0000E+00  0.9482E-02  0.0000E+00  0.0000E+00
     1     4     1     1        0  0.8063E+00  0.7459E+00  0.0000E+00  0.0000E+00
     1     4     1     2        0  0.9417E-03  0.3415E-01  0.0000E+00  0.0000E+00
     1     5     1     1        0  0.2275E+01  0.1736E+01  0.0000E+00  0.0000E+00
     1     5     1     2        0  0.3249E-01  0.2240E+00  0.0000E+00  0.0000E+00
     1     6     1     1        0  0.6058E+01  0.3430E+01  0.0000E+00  0.0000E+00
     1     6     1     2        0  0.2159E+00  0.5866E+00  0.0000E+00  0.0000E+00
     1     7     1     1        0  0.7277E+01  0.4386E+01  0.0000E+00  0.0000E+00
     1     7     1     2        0  0.1105E+00  0.5609E+00  0.0000E+00  0.0000E+00
     1     8     1     1        0  0.3161E+01  0.3411E+01  0.0000E+00  0.0000E+00
     1     8     1     2        0  0.2186E-01  0.2271E+00  0.0000E+00  0.0000E+00
