SUMMARY OF C0NVERGENCE INFORMATION
  STEP   INC  ATT   ITER     CONT.   RESID.        CORR.      RESID.      CORR.
                              EL.    FORCE         DISP       FLUX        TEMP.
                              (#)     (%)           (%)        (%)         (%)
     1     1     1     1        0  0.1986E+03  0.1000E+03  0.0000E+00  0.0000E+00
     1     1     1     2        0  0.0000E+00  0.1363E+00  0.0000E+00  0.0000E+00
     1     2     1     1        0  0.0000E+00  0.2724E+00  0.0000E+00  0.0000E+00
     1     2     1     2        0  0.0000E+00  0.1621E-04  0.0000E+00  0.0000E+00
     1     3     1     1        0  0.1039E-01  0.3404E+00  0.0000E+00  0.0000E+00
     1     3     1     2        0  0.0000E+00  0.2902E-04  0.0000E+00  0.0000E+00
     1     4     1     1        0  0.3721E-01  0.5103E+00  0.0000E+00  0.0000E+00
     1     4     1     2        0  0.0000E+00  0.9554E-04  0.0000E+00  0.0000E+00
     1     5     1     1        0  0.1350E+00  0.7649E+00  0.0000E+00  0.0000E+00
     1     5     1     2        0  0.0000E+00  0.3563E-03  0.0000E+00  0.0000E+00
     1     6     1     1        0  0.2423E+00  0.1002E+01  0.0000E+00  0.0000E+00
     1     6     1     2        0  0.0000E+00  0.1301E-02  0.0000E+00  0.0000E+00
     1     7     1     1        0  0.2225E+00  0.1087E+01  0.0000E+00  0.0000E+00
     1     7     1     2        0  0.0000E+00  0.2469E-02  0.0000E+00  0.0000E+00
     1     8     1     1        0  0.7001E-01  0.9337E+00  0.0000E+00  0.0000E+00
     1     8     1     2        0  0.0000E+00  0.1805E-02  0.0000E+00  0.0000E+00
