SUMMARY OF C0NVERGENCE INFORMATION
  STEP   INC  ATT   ITER     CONT.   RESID.        CORR.      RESID.      CORR.
                              EL.    FORCE         DISP       FLUX        TEMP.
                              (#)     (%)           (%)        (%)         (%)
     1     1     1     1        0  0.1901E+03  0.1000E+03  0.0000E+00  0.0000E+00
     1     1     1     2        0  0.0000E+00  0.1294E+00  0.0000E+00  0.0000E+00
     1     2     1     1        0  0.0000E+00  0.2588E+00  0.0000E+00  0.0000E+00
     1     2     1     2        0  0.0000E+00  0.1414E-04  0.0000E+00  0.0000E+00
     1     3     1     1        0  0.8907E-02  0.3234E+00  0.0000E+00  0.0000E+00
     1     3     1     2        0  0.0000E+00  0.2498E-04  0.0000E+00  0.0000E+00
     1     4     1     1        0  0.3190E-01  0.4848E+00  0.0000E+00  0.0000E+00
     1     4     1     2        0  0.0000E+00  0.8218E-04  0.0000E+00  0.0000E+00
     1     5     1     1        0  0.1157E+00  0.7267E+00  0.0000E+00  0.0000E+00
     1     5     1     2        0  0.0000E+00  0.2945E-03  0.0000E+00  0.0000E+00
     1     6     1     1        0  0.2077E+00  0.9521E+00  0.0000E+00  0.0000E+00
     1     6     1     2        0  0.0000E+00  0.1031E-02  0.0000E+00  0.0000E+00
     1     7     1     1        0  0.1907E+00  0.1032E+01  0.0000E+00  0.0000E+00
     1     7     1     2        0  0.0000E+00  0.1986E-02  0.0000E+00  0.0000E+00
     1     8     1     1        0  0.6000E-01  0.8870E+00  0.0000E+00  0.0000E+00
     1     8     1     2        0  0.0000E+00  0.1458E-02  0.0000E+00  0.0000E+00
