SUMMARY OF C0NVERGENCE INFORMATION
  STEP   INC  ATT   ITER     CONT.   RESID.        CORR.      RESID.      CORR.
                              EL.    FORCE         DISP       FLUX        TEMP.
                              (#)     (%)           (%)        (%)         (%)
     1     1     1     1        0  0.2465E+03  0.1000E+03  0.0000E+00  0.0000E+00
     1     1     1     2        0  0.0000E+00  0.1771E+00  0.0000E+00  0.0000E+00
     1     2     1     1        0  0.9381E-02  0.3541E+00  0.0000E+00  0.0000E+00
     1     2     1     2        0  0.0000E+00  0.3178E-04  0.0000E+00  0.0000E+00
     1     3     1     1        0  0.2283E-01  0.4424E+00  0.0000E+00  0.0000E+00
     1     3     1     2        0  0.0000E+00  0.6242E-04  0.0000E+00  0.0000E+00
     1     4     1     1        0  0.8176E-01  0.6632E+00  0.0000E+00  0.0000E+00
     1     4     1     2        0  0.0000E+00  0.2091E-03  0.0000E+00  0.0000E+00
     1     5     1     1        0  0.2966E+00  0.9939E+00  0.0000E+00  0.0000E+00
     1     5     1     2        0  0.0000E+00  0.1096E-02  0.0000E+00  0.0000E+00
     1     6     1     1        0  0.5327E+00  0.1302E+01  0.0000E+00  0.0000E+00
     1     6     1     2        0  0.0000E+00  0.4069E-02  0.0000E+00  0.0000E+00
     1     7     1     1        0  0.4893E+00  0.1412E+01  0.0000E+00  0.0000E+00
     1     7     1     2        0  0.0000E+00  0.7203E-02  0.0000E+00  0.0000E+00
     1     8     1     1        0  0.1542E+00  0.1214E+01  0.0000E+00  0.0000E+00
     1     8     1     2        0  0.0000E+00  0.5191E-02  0.0000E+00  0.0000E+00
