SUMMARY OF C0NVERGENCE INFORMATION
  STEP   INC  ATT   ITER     CONT.   RESID.        CORR.      RESID.      CORR.
                              EL.    FORCE         DISP       FLUX        TEMP.
                              (#)     (%)           (%)        (%)         (%)
     1     1     1     1        0  0.3735E+03  0.1000E+03  0.0000E+00  0.0000E+00
     1     1     1     2        0  0.1949E-01  0.3133E+00  0.0000E+00  0.0000E+00
     1     2     1     1        0  0.5199E-01  0.6263E+00  0.0000E+00  0.0000E+00
     1     2     1     2        0  0.0000E+00  0.1421E-03  0.0000E+00  0.0000E+00
     1     3     1     1        0  0.1265E+00  0.7821E+00  0.0000E+00  0.0000E+00
     1     3     1     2        0  0.0000E+00  0.3350E-03  0.0000E+00  0.0000E+00
     1     4     1     1        0  0.4531E+00  0.1172E+01  0.0000E+00  0.0000E+00
     1     4     1     2        0  0.0000E+00  0.2029E-02  0.0000E+00  0.0000E+00
     1     5     1     1        0  0.1644E+01  0.1756E+01  0.0000E+00  0.0000E+00
     1     5     1     2        0  0.0000E+00  0.1230E-01  0.0000E+00  0.0000E+00
     1     6     1     1        0  0.2952E+01  0.2302E+01  0.0000E+00  0.0000E+00
     1     6     1     2        0  0.3214E-02  0.3576E-01  0.0000E+00  0.0000E+00
     1     7     1     1        0  0.2715E+01  0.2501E+01  0.0000E+00  0.0000E+00
     1     7     1     2        0  0.6169E-02  0.5602E-01  0.0000E+00  0.0000E+00
     1     8     1     1        0  0.8601E+00  0.2157E+01  0.0000E+00  0.0000E+00
     1     8     1     2        0  0.1326E-02  0.4081E-01  0.0000E+00  0.0000E+00
