SUMMARY OF C0NVERGENCE INFORMATION
  STEP   INC  ATT   ITER     CONT.   RESID.        CORR.      RESID.      CORR.
                              EL.    FORCE         DISP       FLUX        TEMP.
                              (#)     (%)           (%)        (%)         (%)
     1     1     1     1        0  0.1637E+03  0.1000E+03  0.0000E+00  0.0000E+00
     1     1     1     2        0  0.0000E+00  0.1090E+00  0.0000E+00  0.0000E+00
     1     2     1     1        0  0.0000E+00  0.2180E+00  0.0000E+00  0.0000E+00
     1     2     1     2        0  0.0000E+00  0.8893E-05  0.0000E+00  0.0000E+00
     1     3     1     1        0  0.5318E-02  0.2724E+00  0.0000E+00  0.0000E+00
     1     3     1     2        0  0.0000E+00  0.1527E-04  0.0000E+00  0.0000E+00
     1     4     1     1        0  0.1905E-01  0.4084E+00  0.0000E+00  0.0000E+00
     1     4     1     2        0  0.0000E+00  0.4966E-04  0.0000E+00  0.0000E+00
     1     5     1     1        0  0.6908E-01  0.6122E+00  0.0000E+00  0.0000E+00
     1     5     1     2        0  0.0000E+00  0.1667E-03  0.0000E+00  0.0000E+00
     1     6     1     1        0  0.1240E+00  0.8020E+00  0.0000E+00  0.0000E+00
     1     6     1     2        0  0.0000E+00  0.4722E-03  0.0000E+00  0.0000E+00
     1     7     1     1        0  0.1138E+00  0.8695E+00  0.0000E+00  0.0000E+00
     1     7     1     2        0  0.0000E+00  0.9363E-03  0.0000E+00  0.0000E+00
     1     8     1     1        0  0.3580E-01  0.7471E+00  0.0000E+00  0.0000E+00
     1     8     1     2        0  0.0000E+00  0.7021E-03  0.0000E+00  0.0000E+00
