SUMMARY OF C0NVERGENCE INFORMATION
  STEP   INC  ATT   ITER     CONT.   RESID.        CORR.      RESID.      CORR.
                              EL.    FORCE         DISP       FLUX        TEMP.
                              (#)     (%)           (%)        (%)         (%)
     1     1     1     1        0  0.1814E+03  0.1000E+03  0.0000E+00  0.0000E+00
     1     1     1     2        0  0.0000E+00  0.1226E+00  0.0000E+00  0.0000E+00
     1     2     1     1        0  0.0000E+00  0.2452E+00  0.0000E+00  0.0000E+00
     1     2     1     2        0  0.0000E+00  0.1224E-04  0.0000E+00  0.0000E+00
     1     3     1     1        0  0.7573E-02  0.3064E+00  0.0000E+00  0.0000E+00
     1     3     1     2        0  0.0000E+00  0.2132E-04  0.0000E+00  0.0000E+00
     1     4     1     1        0  0.2712E-01  0.4593E+00  0.0000E+00  0.0000E+00
     1     4     1     2        0  0.0000E+00  0.7013E-04  0.0000E+00  0.0000E+00
     1     5     1     1        0  0.9837E-01  0.6885E+00  0.0000E+00  0.0000E+00
     1     5     1     2        0  0.0000E+00  0.2437E-03  0.0000E+00  0.0000E+00
     1     6     1     1        0  0.1766E+00  0.9021E+00  0.0000E+00  0.0000E+00
     1     6     1     2        0  0.0000E+00  0.8051E-03  0.0000E+00  0.0000E+00
     1     7     1     1        0  0.1621E+00  0.9780E+00  0.0000E+00  0.0000E+00
     1     7     1     2        0  0.0000E+00  0.1573E-02  0.0000E+00  0.0000E+00
     1     8     1     1        0  0.5100E-01  0.8404E+00  0.0000E+00  0.0000E+00
     1     8     1     2        0  0.0000E+00  0.1162E-02  0.0000E+00  0.0000E+00
