SUMMARY OF C0NVERGENCE INFORMATION
  STEP   INC  ATT   ITER     CONT.   RESID.        CORR.      RESID.      CORR.
                              EL.    FORCE         DISP       FLUX        TEMP.
                              (#)     (%)           (%)        (%)         (%)
     1     1     1     1        0  0.8647E+02  0.1000E+03  0.0000E+00  0.0000E+00
     1     1     1     2        0  0.0000E+00  0.5451E-01  0.0000E+00  0.0000E+00
     1     2     1     1        0  0.0000E+00  0.1090E+00  0.0000E+00  0.0000E+00
     1     2     1     2        0  0.0000E+00  0.1261E-05  0.0000E+00  0.0000E+00
     1     3     1     1        0  0.0000E+00  0.1362E+00  0.0000E+00  0.0000E+00
     1     3     1     2        0  0.0000E+00  0.2607E-05  0.0000E+00  0.0000E+00
     1     4     1     1        0  0.0000E+00  0.2043E+00  0.0000E+00  0.0000E+00
     1     4     1     2        0  0.0000E+00  0.7168E-05  0.0000E+00  0.0000E+00
     1     5     1     1        0  0.8633E-02  0.3063E+00  0.0000E+00  0.0000E+00
     1     5     1     2        0  0.0000E+00  0.2139E-04  0.0000E+00  0.0000E+00
     1     6     1     1        0  0.1550E-01  0.4015E+00  0.0000E+00  0.0000E+00
     1     6     1     2        0  0.0000E+00  0.4339E-04  0.0000E+00  0.0000E+00
     1     7     1     1        0  0.1421E-01  0.4353E+00  0.0000E+00  0.0000E+00
     1     7     1     2        0  0.0000E+00  0.5327E-04  0.0000E+00  0.0000E+00
     1     8     1     1        0  0.4467E-02  0.3739E+00  0.0000E+00  0.0000E+00
     1     8     1     2        0  0.0000E+00  0.3272E-04  0.0000E+00  0.0000E+00
