SUMMARY OF C0NVERGENCE INFORMATION
  STEP   INC  ATT   ITER     CONT.   RESID.        CORR.      RESID.      CORR.
                              EL.    FORCE         DISP       FLUX        TEMP.
                              (#)     (%)           (%)        (%)         (%)
     1     1     1     1        0  0.1869E+03  0.1000E+03  0.0000E+00  0.0000E+00
     1     1     1     2        0  0.1673E-01  0.2858E+00  0.0000E+00  0.0000E+00
     1     2     1     1        0  0.4510E-01  0.5436E+00  0.0000E+00  0.0000E+00
     1     2     1     2        0  0.0000E+00  0.2047E-02  0.0000E+00  0.0000E+00
     1     3     1     1        0  0.1080E+00  0.5972E+00  0.0000E+00  0.0000E+00
     1     3     1     2        0  0.0000E+00  0.4296E-02  0.0000E+00  0.0000E+00
     1     4     1     1        0  0.3605E+00  0.6754E+00  0.0000E+00  0.0000E+00
     1     4     1     2        0  0.0000E+00  0.1075E-01  0.0000E+00  0.0000E+00
     1     5     1     1        0  0.1042E+01  0.9603E+00  0.0000E+00  0.0000E+00
     1     5     1     2        0  0.1953E-02  0.6036E-01  0.0000E+00  0.0000E+00
     1     6     1     1        0  0.1932E+01  0.1971E+01  0.0000E+00  0.0000E+00
     1     6     1     2        0  0.2198E-01  0.2145E+00  0.0000E+00  0.0000E+00
     1     7     1     1        0  0.2633E+01  0.3059E+01  0.0000E+00  0.0000E+00
     1     7     1     2        0  0.3262E-01  0.3059E+00  0.0000E+00  0.0000E+00
     1     8     1     1        0  0.9773E+00  0.3079E+01  0.0000E+00  0.0000E+00
     1     8     1     2        0  0.2624E-02  0.1502E+00  0.0000E+00  0.0000E+00
