SUMMARY OF C0NVERGENCE INFORMATION
  STEP   INC  ATT   ITER     CONT.   RESID.        CORR.      RESID.      CORR.
                              EL.    FORCE         DISP       FLUX        TEMP.
                              (#)     (%)           (%)        (%)         (%)
     1     1     1     1        0  0.3572E+03  0.1000E+03  0.0000E+00  0.0000E+00
     1     1     1     2        0  0.1592E-01  0.2929E+00  0.0000E+00  0.0000E+00
     1     2     1     1        0  0.4246E-01  0.5855E+00  0.0000E+00  0.0000E+00
     1     2     1     2        0  0.0000E+00  0.1171E-03  0.0000E+00  0.0000E+00
     1     3     1     1        0  0.1033E+00  0.7312E+00  0.0000E+00  0.0000E+00
     1     3     1     2        0  0.0000E+00  0.2722E-03  0.0000E+00  0.0000E+00
     1     4     1     1        0  0.3701E+00  0.1096E+01  0.0000E+00  0.0000E+00
     1     4     1     2        0  0.0000E+00  0.1496E-02  0.0000E+00  0.0000E+00
     1     5     1     1        0  0.1342E+01  0.1642E+01  0.0000E+00  0.0000E+00
     1     5     1     2        0  0.0000E+00  0.9465E-02  0.0000E+00  0.0000E+00
     1     6     1     1        0  0.2411E+01  0.2152E+01  0.0000E+00  0.0000E+00
     1     6     1     2        0  0.1855E-02  0.2829E-01  0.0000E+00  0.0000E+00
     1     7     1     1        0  0.2217E+01  0.2337E+01  0.0000E+00  0.0000E+00
     1     7     1     2        0  0.3683E-02  0.4495E-01  0.0000E+00  0.0000E+00
     1     8     1     1        0  0.7018E+00  0.2015E+01  0.0000E+00  0.0000E+00
     1     8     1     2        0  0.7917E-03  0.3263E-01  0.0000E+00  0.0000E+00
