SUMMARY OF C0NVERGENCE INFORMATION
  STEP   INC  ATT   ITER     CONT.   RESID.        CORR.      RESID.      CORR.
                              EL.    FORCE         DISP       FLUX        TEMP.
                              (#)     (%)           (%)        (%)         (%)
     1     1     1     1        0  0.2389E+03  0.1000E+03  0.0000E+00  0.0000E+00
     1     1     1     2        0  0.0000E+00  0.1703E+00  0.0000E+00  0.0000E+00
     1     2     1     1        0  0.8340E-02  0.3405E+00  0.0000E+00  0.0000E+00
     1     2     1     2        0  0.0000E+00  0.2882E-04  0.0000E+00  0.0000E+00
     1     3     1     1        0  0.2029E-01  0.4254E+00  0.0000E+00  0.0000E+00
     1     3     1     2        0  0.0000E+00  0.5568E-04  0.0000E+00  0.0000E+00
     1     4     1     1        0  0.7268E-01  0.6377E+00  0.0000E+00  0.0000E+00
     1     4     1     2        0  0.0000E+00  0.1854E-03  0.0000E+00  0.0000E+00
     1     5     1     1        0  0.2636E+00  0.9557E+00  0.0000E+00  0.0000E+00
     1     5     1     2        0  0.0000E+00  0.9169E-03  0.0000E+00  0.0000E+00
     1     6     1     1        0  0.4735E+00  0.1252E+01  0.0000E+00  0.0000E+00
     1     6     1     2        0  0.0000E+00  0.3450E-02  0.0000E+00  0.0000E+00
     1     7     1     1        0  0.4349E+00  0.1358E+01  0.0000E+00  0.0000E+00
     1     7     1     2        0  0.0000E+00  0.6167E-02  0.0000E+00  0.0000E+00
     1     8     1     1        0  0.1370E+00  0.1167E+01  0.0000E+00  0.0000E+00
     1     8     1     2        0  0.0000E+00  0.4450E-02  0.0000E+00  0.0000E+00
