SUMMARY OF C0NVERGENCE INFORMATION
  STEP   INC  ATT   ITER     CONT.   RESID.        CORR.      RESID.      CORR.
                              EL.    FORCE         DISP       FLUX        TEMP.
                              (#)     (%)           (%)        (%)         (%)
     1     1     1     1        0  0.7893E+02  0.1000E+03  0.0000E+00  0.0000E+00
     1     1     1     2        0  0.0000E+00  0.1242E+00  0.0000E+00  0.0000E+00
     1     2     1     1        0  0.3492E-02  0.2439E+00  0.0000E+00  0.0000E+00
     1     2     1     2        0  0.0000E+00  0.1651E-03  0.0000E+00  0.0000E+00
     1     3     1     1        0  0.8542E-02  0.2935E+00  0.0000E+00  0.0000E+00
     1     3     1     2        0  0.0000E+00  0.3782E-03  0.0000E+00  0.0000E+00
     1     4     1     1        0  0.3058E-01  0.4125E+00  0.0000E+00  0.0000E+00
     1     4     1     2        0  0.0000E+00  0.1216E-02  0.0000E+00  0.0000E+00
     1     5     1     1        0  0.1084E+00  0.5414E+00  0.0000E+00  0.0000E+00
     1     5     1     2        0  0.0000E+00  0.3628E-02  0.0000E+00  0.0000E+00
     1     6     1     1        0  0.1819E+00  0.5419E+00  0.0000E+00  0.0000E+00
     1     6     1     2        0  0.0000E+00  0.5526E-02  0.0000E+00  0.0000E+00
     1     7     1     1        0  0.1464E+00  0.5603E+00  0.0000E+00  0.0000E+00
     1     7     1     2        0  0.0000E+00  0.1016E-01  0.0000E+00  0.0000E+00
     1     8     1     1        0  0.3889E-01  0.6282E+00  0.0000E+00  0.0000E+00
     1     8     1     2        0  0.0000E+00  0.7883E-02  0.0000E+00  0.0000E+00
