SUMMARY OF C0NVERGENCE INFORMATION
  STEP   INC  ATT   ITER     CONT.   RESID.        CORR.      RESID.      CORR.
                              EL.    FORCE         DISP       FLUX        TEMP.
                              (#)     (%)           (%)        (%)         (%)
     1     1     1     1        0  0.3093E+03  0.1000E+03  0.0000E+00  0.0000E+00
     1     1     1     2        0  0.8584E-02  0.2384E+00  0.0000E+00  0.0000E+00
     1     2     1     1        0  0.2289E-01  0.4766E+00  0.0000E+00  0.0000E+00
     1     2     1     2        0  0.0000E+00  0.6470E-04  0.0000E+00  0.0000E+00
     1     3     1     1        0  0.5570E-01  0.5953E+00  0.0000E+00  0.0000E+00
     1     3     1     2        0  0.0000E+00  0.1482E-03  0.0000E+00  0.0000E+00
     1     4     1     1        0  0.1995E+00  0.8923E+00  0.0000E+00  0.0000E+00
     1     4     1     2        0  0.0000E+00  0.6024E-03  0.0000E+00  0.0000E+00
     1     5     1     1        0  0.7238E+00  0.1337E+01  0.0000E+00  0.0000E+00
     1     5     1     2        0  0.0000E+00  0.4084E-02  0.0000E+00  0.0000E+00
     1     6     1     1        0  0.1300E+01  0.1752E+01  0.0000E+00  0.0000E+00
     1     6     1     2        0  0.0000E+00  0.1331E-01  0.0000E+00  0.0000E+00
     1     7     1     1        0  0.1195E+01  0.1901E+01  0.0000E+00  0.0000E+00
     1     7     1     2        0  0.7038E-03  0.2208E-01  0.0000E+00  0.0000E+00
     1     8     1     1        0  0.3774E+00  0.1636E+01  0.0000E+00  0.0000E+00
     1     8     1     2        0  0.0000E+00  0.1591E-01  0.0000E+00  0.0000E+00
