SUMMARY OF C0NVERGENCE INFORMATION
  STEP   INC  ATT   ITER     CONT.   RESID.        CORR.      RESID.      CORR.
                              EL.    FORCE         DISP       FLUX        TEMP.
                              (#)     (%)           (%)        (%)         (%)
     1     1     1     1        0  0.2151E+03  0.1000E+03  0.0000E+00  0.0000E+00
     1     1     1     2        0  0.0000E+00  0.1499E+00  0.0000E+00  0.0000E+00
     1     2     1     1        0  0.5683E-02  0.2997E+00  0.0000E+00  0.0000E+00
     1     2     1     2        0  0.0000E+00  0.2080E-04  0.0000E+00  0.0000E+00
     1     3     1     1        0  0.1383E-01  0.3744E+00  0.0000E+00  0.0000E+00
     1     3     1     2        0  0.0000E+00  0.3835E-04  0.0000E+00  0.0000E+00
     1     4     1     1        0  0.4953E-01  0.5613E+00  0.0000E+00  0.0000E+00
     1     4     1     2        0  0.0000E+00  0.1265E-03  0.0000E+00  0.0000E+00
     1     5     1     1        0  0.1796E+00  0.8413E+00  0.0000E+00  0.0000E+00
     1     5     1     2        0  0.0000E+00  0.5230E-03  0.0000E+00  0.0000E+00
     1     6     1     1        0  0.3226E+00  0.1102E+01  0.0000E+00  0.0000E+00
     1     6     1     2        0  0.0000E+00  0.1988E-02  0.0000E+00  0.0000E+00
     1     7     1     1        0  0.2962E+00  0.1195E+01  0.0000E+00  0.0000E+00
     1     7     1     2        0  0.0000E+00  0.3674E-02  0.0000E+00  0.0000E+00
     1     8     1     1        0  0.9325E-01  0.1027E+01  0.0000E+00  0.0000E+00
     1     8     1     2        0  0.0000E+00  0.2668E-02  0.0000E+00  0.0000E+00
