SUMMARY OF C0NVERGENCE INFORMATION
  STEP   INC  ATT   ITER     CONT.   RESID.        CORR.      RESID.      CORR.
                              EL.    FORCE         DISP       FLUX        TEMP.
                              (#)     (%)           (%)        (%)         (%)
     1     1     1     1        0  0.1801E+03  0.1000E+03  0.0000E+00  0.0000E+00
     1     1     1     2        0  0.1499E-01  0.2759E+00  0.0000E+00  0.0000E+00
     1     2     1     1        0  0.4041E-01  0.5259E+00  0.0000E+00  0.0000E+00
     1     2     1     2        0  0.0000E+00  0.1839E-02  0.0000E+00  0.0000E+00
     1     3     1     1        0  0.9700E-01  0.5819E+00  0.0000E+00  0.0000E+00
     1     3     1     2        0  0.0000E+00  0.3890E-02  0.0000E+00  0.0000E+00
     1     4     1     1        0  0.3260E+00  0.6717E+00  0.0000E+00  0.0000E+00
     1     4     1     2        0  0.0000E+00  0.9987E-02  0.0000E+00  0.0000E+00
     1     5     1     1        0  0.9588E+00  0.8978E+00  0.0000E+00  0.0000E+00
     1     5     1     2        0  0.1530E-02  0.5136E-01  0.0000E+00  0.0000E+00
     1     6     1     1        0  0.1665E+01  0.1832E+01  0.0000E+00  0.0000E+00
     1     6     1     2        0  0.1602E-01  0.1860E+00  0.0000E+00  0.0000E+00
     1     7     1     1        0  0.2322E+01  0.2883E+01  0.0000E+00  0.0000E+00
     1     7     1     2        0  0.2599E-01  0.2768E+00  0.0000E+00  0.0000E+00
     1     8     1     1        0  0.8377E+00  0.2971E+01  0.0000E+00  0.0000E+00
     1     8     1     2        0  0.2332E-02  0.1404E+00  0.0000E+00  0.0000E+00
