SUMMARY OF C0NVERGENCE INFORMATION
  STEP   INC  ATT   ITER     CONT.   RESID.        CORR.      RESID.      CORR.
                              EL.    FORCE         DISP       FLUX        TEMP.
                              (#)     (%)           (%)        (%)         (%)
     1     1     1     1        0  0.3401E+03  0.1000E+03  0.0000E+00  0.0000E+00
     1     1     1     2        0  0.1282E-01  0.2725E+00  0.0000E+00  0.0000E+00
     1     2     1     1        0  0.3418E-01  0.5447E+00  0.0000E+00  0.0000E+00
     1     2     1     2        0  0.0000E+00  0.9515E-04  0.0000E+00  0.0000E+00
     1     3     1     1        0  0.8315E-01  0.6803E+00  0.0000E+00  0.0000E+00
     1     3     1     2        0  0.0000E+00  0.2193E-03  0.0000E+00  0.0000E+00
     1     4     1     1        0  0.2979E+00  0.1019E+01  0.0000E+00  0.0000E+00
     1     4     1     2        0  0.0000E+00  0.1078E-02  0.0000E+00  0.0000E+00
     1     5     1     1        0  0.1081E+01  0.1528E+01  0.0000E+00  0.0000E+00
     1     5     1     2        0  0.0000E+00  0.7093E-02  0.0000E+00  0.0000E+00
     1     6     1     1        0  0.1941E+01  0.2002E+01  0.0000E+00  0.0000E+00
     1     6     1     2        0  0.1014E-02  0.2185E-01  0.0000E+00  0.0000E+00
     1     7     1     1        0  0.1785E+01  0.2173E+01  0.0000E+00  0.0000E+00
     1     7     1     2        0  0.2087E-02  0.3524E-01  0.0000E+00  0.0000E+00
     1     8     1     1        0  0.5644E+00  0.1873E+01  0.0000E+00  0.0000E+00
     1     8     1     2        0  0.4492E-03  0.2550E-01  0.0000E+00  0.0000E+00
