SUMMARY OF C0NVERGENCE INFORMATION
  STEP   INC  ATT   ITER     CONT.   RESID.        CORR.      RESID.      CORR.
                              EL.    FORCE         DISP       FLUX        TEMP.
                              (#)     (%)           (%)        (%)         (%)
     1     1     1     1        0  0.2417E+03  0.1000E+03  0.0000E+00  0.0000E+00
     1     1     1     2        0  0.3574E-01  0.3646E+00  0.0000E+00  0.0000E+00
     1     2     1     1        0  0.9630E-01  0.6798E+00  0.0000E+00  0.0000E+00
     1     2     1     2        0  0.0000E+00  0.4265E-02  0.0000E+00  0.0000E+00
     1     3     1     1        0  0.2252E+00  0.6975E+00  0.0000E+00  0.0000E+00
     1     3     1     2        0  0.0000E+00  0.8299E-02  0.0000E+00  0.0000E+00
     1     4     1     1        0  0.7037E+00  0.6812E+00  0.0000E+00  0.0000E+00
     1     4     1     2        0  0.6512E-03  0.2694E-01  0.0000E+00  0.0000E+00
     1     5     1     1        0  0.1838E+01  0.1560E+01  0.0000E+00  0.0000E+00
     1     5     1     2        0  0.2002E-01  0.1794E+00  0.0000E+00  0.0000E+00
     1     6     1     1        0  0.5073E+01  0.3143E+01  0.0000E+00  0.0000E+00
     1     6     1     2        0  0.1532E+00  0.5060E+00  0.0000E+00  0.0000E+00
     1     7     1     1        0  0.5867E+01  0.4209E+01  0.0000E+00  0.0000E+00
     1     7     1     2        0  0.9660E-01  0.5179E+00  0.0000E+00  0.0000E+00
     1     8     1     1        0  0.2527E+01  0.3433E+01  0.0000E+00  0.0000E+00
     1     8     1     2        0  0.1473E-01  0.2142E+00  0.0000E+00  0.0000E+00
