SUMMARY OF C0NVERGENCE INFORMATION
  STEP   INC  ATT   ITER     CONT.   RESID.        CORR.      RESID.      CORR.
                              EL.    FORCE         DISP       FLUX        TEMP.
                              (#)     (%)           (%)        (%)         (%)
     1     1     1     1        0  0.3220E+03  0.1000E+03  0.0000E+00  0.0000E+00
     1     1     1     2        0  0.1014E-01  0.2520E+00  0.0000E+00  0.0000E+00
     1     2     1     1        0  0.2705E-01  0.5038E+00  0.0000E+00  0.0000E+00
     1     2     1     2        0  0.0000E+00  0.7598E-04  0.0000E+00  0.0000E+00
     1     3     1     1        0  0.6581E-01  0.6293E+00  0.0000E+00  0.0000E+00
     1     3     1     2        0  0.0000E+00  0.1743E-03  0.0000E+00  0.0000E+00
     1     4     1     1        0  0.2357E+00  0.9431E+00  0.0000E+00  0.0000E+00
     1     4     1     2        0  0.0000E+00  0.7632E-03  0.0000E+00  0.0000E+00
     1     5     1     1        0  0.8551E+00  0.1413E+01  0.0000E+00  0.0000E+00
     1     5     1     2        0  0.0000E+00  0.5155E-02  0.0000E+00  0.0000E+00
     1     6     1     1        0  0.1536E+01  0.1852E+01  0.0000E+00  0.0000E+00
     1     6     1     2        0  0.0000E+00  0.1641E-01  0.0000E+00  0.0000E+00
     1     7     1     1        0  0.1412E+01  0.2010E+01  0.0000E+00  0.0000E+00
     1     7     1     2        0  0.1113E-02  0.2690E-01  0.0000E+00  0.0000E+00
     1     8     1     1        0  0.4462E+00  0.1731E+01  0.0000E+00  0.0000E+00
     1     8     1     2        0  0.0000E+00  0.1941E-01  0.0000E+00  0.0000E+00
