SUMMARY OF C0NVERGENCE INFORMATION
  STEP   INC  ATT   ITER     CONT.   RESID.        CORR.      RESID.      CORR.
                              EL.    FORCE         DISP       FLUX        TEMP.
                              (#)     (%)           (%)        (%)         (%)
     1     1     1     1        0  0.3516E+03  0.1000E+03  0.0000E+00  0.0000E+00
     1     1     1     2        0  0.1484E-01  0.2861E+00  0.0000E+00  0.0000E+00
     1     2     1     1        0  0.3957E-01  0.5719E+00  0.0000E+00  0.0000E+00
     1     2     1     2        0  0.0000E+00  0.1095E-03  0.0000E+00  0.0000E+00
     1     3     1     1        0  0.9626E-01  0.7142E+00  0.0000E+00  0.0000E+00
     1     3     1     2        0  0.0000E+00  0.2535E-03  0.0000E+00  0.0000E+00
     1     4     1     1        0  0.3448E+00  0.1070E+01  0.0000E+00  0.0000E+00
     1     4     1     2        0  0.0000E+00  0.1345E-02  0.0000E+00  0.0000E+00
     1     5     1     1        0  0.1251E+01  0.1604E+01  0.0000E+00  0.0000E+00
     1     5     1     2        0  0.0000E+00  0.8624E-02  0.0000E+00  0.0000E+00
     1     6     1     1        0  0.2247E+01  0.2102E+01  0.0000E+00  0.0000E+00
     1     6     1     2        0  0.1527E-02  0.2603E-01  0.0000E+00  0.0000E+00
     1     7     1     1        0  0.2066E+01  0.2282E+01  0.0000E+00  0.0000E+00
     1     7     1     2        0  0.3067E-02  0.4156E-01  0.0000E+00  0.0000E+00
     1     8     1     1        0  0.6538E+00  0.1967E+01  0.0000E+00  0.0000E+00
     1     8     1     2        0  0.6594E-03  0.3014E-01  0.0000E+00  0.0000E+00
