SUMMARY OF C0NVERGENCE INFORMATION
  STEP   INC  ATT   ITER     CONT.   RESID.        CORR.      RESID.      CORR.
                              EL.    FORCE         DISP       FLUX        TEMP.
                              (#)     (%)           (%)        (%)         (%)
     1     1     1     1        0  0.1116E+02  0.1000E+03  0.0000E+00  0.0000E+00
     1     1     1     2        0  0.0000E+00  0.6814E-02  0.0000E+00  0.0000E+00
     1     2     1     1        0  0.0000E+00  0.1363E-01  0.0000E+00  0.0000E+00
     1     2     1     2        0  0.0000E+00  0.2717E-08  0.0000E+00  0.0000E+00
     1     3     1     1        0  0.0000E+00  0.1703E-01  0.0000E+00  0.0000E+00
     1     3     1     2        0  0.0000E+00  0.6283E-08  0.0000E+00  0.0000E+00
     1     4     1     1        0  0.0000E+00  0.2555E-01  0.0000E+00  0.0000E+00
     1     4     1     2        0  0.0000E+00  0.2081E-07  0.0000E+00  0.0000E+00
     1     5     1     1        0  0.0000E+00  0.3832E-01  0.0000E+00  0.0000E+00
     1     5     1     2        0  0.0000E+00  0.6820E-07  0.0000E+00  0.0000E+00
     1     6     1     1        0  0.0000E+00  0.5024E-01  0.0000E+00  0.0000E+00
     1     6     1     2        0  0.0000E+00  0.1336E-06  0.0000E+00  0.0000E+00
     1     7     1     1        0  0.0000E+00  0.5450E-01  0.0000E+00  0.0000E+00
     1     7     1     2        0  0.0000E+00  0.1502E-06  0.0000E+00  0.0000E+00
     1     8     1     1        0  0.0000E+00  0.4683E-01  0.0000E+00  0.0000E+00
     1     8     1     2        0  0.0000E+00  0.7644E-07  0.0000E+00  0.0000E+00
