SUMMARY OF C0NVERGENCE INFORMATION
  STEP   INC  ATT   ITER     CONT.   RESID.        CORR.      RESID.      CORR.
                              EL.    FORCE         DISP       FLUX        TEMP.
                              (#)     (%)           (%)        (%)         (%)
     1     1     1     1        0  0.6562E+02  0.1000E+03  0.0000E+00  0.0000E+00
     1     1     1     2        0  0.0000E+00  0.4088E-01  0.0000E+00  0.0000E+00
     1     2     1     1        0  0.0000E+00  0.8176E-01  0.0000E+00  0.0000E+00
     1     2     1     2        0  0.0000E+00  0.5476E-06  0.0000E+00  0.0000E+00
     1     3     1     1        0  0.0000E+00  0.1022E+00  0.0000E+00  0.0000E+00
     1     3     1     2        0  0.0000E+00  0.1174E-05  0.0000E+00  0.0000E+00
     1     4     1     1        0  0.0000E+00  0.1532E+00  0.0000E+00  0.0000E+00
     1     4     1     2        0  0.0000E+00  0.3444E-05  0.0000E+00  0.0000E+00
     1     5     1     1        0  0.0000E+00  0.2298E+00  0.0000E+00  0.0000E+00
     1     5     1     2        0  0.0000E+00  0.9162E-05  0.0000E+00  0.0000E+00
     1     6     1     1        0  0.6537E-02  0.3012E+00  0.0000E+00  0.0000E+00
     1     6     1     2        0  0.0000E+00  0.1851E-04  0.0000E+00  0.0000E+00
     1     7     1     1        0  0.5996E-02  0.3266E+00  0.0000E+00  0.0000E+00
     1     7     1     2        0  0.0000E+00  0.2205E-04  0.0000E+00  0.0000E+00
     1     8     1     1        0  0.0000E+00  0.2806E+00  0.0000E+00  0.0000E+00
     1     8     1     2        0  0.0000E+00  0.1221E-04  0.0000E+00  0.0000E+00
