SUMMARY OF C0NVERGENCE INFORMATION
  STEP   INC  ATT   ITER     CONT.   RESID.        CORR.      RESID.      CORR.
                              EL.    FORCE         DISP       FLUX        TEMP.
                              (#)     (%)           (%)        (%)         (%)
     1     1     1     1        0  0.2281E+01  0.1000E+03  0.0000E+00  0.0000E+00
     1     1     1     2        0  0.0000E+00  0.1391E-02  0.0000E+00  0.0000E+00
     1     2     1     1        0  0.0000E+00  0.2782E-02  0.0000E+00  0.0000E+00
     1     2     1     2        0  0.0000E+00  0.2331E-10  0.0000E+00  0.0000E+00
     1     3     1     1        0  0.0000E+00  0.3478E-02  0.0000E+00  0.0000E+00
     1     3     1     2        0  0.0000E+00  0.5461E-10  0.0000E+00  0.0000E+00
     1     4     1     1        0  0.0000E+00  0.5217E-02  0.0000E+00  0.0000E+00
     1     4     1     2        0  0.0000E+00  0.1836E-09  0.0000E+00  0.0000E+00
     1     5     1     1        0  0.0000E+00  0.7825E-02  0.0000E+00  0.0000E+00
     1     5     1     2        0  0.0000E+00  0.6161E-09  0.0000E+00  0.0000E+00
     1     6     1     1        0  0.0000E+00  0.1026E-01  0.0000E+00  0.0000E+00
     1     6     1     2        0  0.0000E+00  0.1246E-08  0.0000E+00  0.0000E+00
     1     7     1     1        0  0.0000E+00  0.1113E-01  0.0000E+00  0.0000E+00
     1     7     1     2        0  0.0000E+00  0.1454E-08  0.0000E+00  0.0000E+00
     1     8     1     1        0  0.0000E+00  0.9564E-02  0.0000E+00  0.0000E+00
     1     8     1     2        0  0.0000E+00  0.7662E-09  0.0000E+00  0.0000E+00
