SUMMARY OF C0NVERGENCE INFORMATION
  STEP   INC  ATT   ITER     CONT.   RESID.        CORR.      RESID.      CORR.
                              EL.    FORCE         DISP       FLUX        TEMP.
                              (#)     (%)           (%)        (%)         (%)
     1     1     1     1        0  0.2968E+03  0.1000E+03  0.0000E+00  0.0000E+00
     1     1     1     2        0  0.6554E-01  0.4419E+00  0.0000E+00  0.0000E+00
     1     2     1     1        0  0.1762E+00  0.8052E+00  0.0000E+00  0.0000E+00
     1     2     1     2        0  0.0000E+00  0.7595E-02  0.0000E+00  0.0000E+00
     1     3     1     1        0  0.3987E+00  0.7566E+00  0.0000E+00  0.0000E+00
     1     3     1     2        0  0.0000E+00  0.1331E-01  0.0000E+00  0.0000E+00
     1     4     1     1        0  0.1146E+01  0.9647E+00  0.0000E+00  0.0000E+00
     1     4     1     2        0  0.2527E-02  0.6522E-01  0.0000E+00  0.0000E+00
     1     5     1     1        0  0.3988E+01  0.2299E+01  0.0000E+00  0.0000E+00
     1     5     1     2        0  0.1131E+00  0.3934E+00  0.0000E+00  0.0000E+00
     1     6     1     1        0  0.9311E+01  0.4243E+01  0.0000E+00  0.0000E+00
     1     6     1     2        0  0.4566E+00  0.8180E+00  0.0000E+00  0.0000E+00
     1     7     1     1        0  0.1190E+02  0.4641E+01  0.0000E+00  0.0000E+00
     1     7     1     2        0  0.3382E+00  0.6691E+00  0.0000E+00  0.0000E+00
     1     8     1     1        0  0.5083E+01  0.3224E+01  0.0000E+00  0.0000E+00
     1     8     1     2        0  0.4840E-01  0.2567E+00  0.0000E+00  0.0000E+00
