SUMMARY OF C0NVERGENCE INFORMATION
  STEP   INC  ATT   ITER     CONT.   RESID.        CORR.      RESID.      CORR.
                              EL.    FORCE         DISP       FLUX        TEMP.
                              (#)     (%)           (%)        (%)         (%)
     1     1     1     1        0  0.1166E+03  0.1000E+03  0.0000E+00  0.0000E+00
     1     1     1     2        0  0.0000E+00  0.7495E-01  0.0000E+00  0.0000E+00
     1     2     1     1        0  0.0000E+00  0.1499E+00  0.0000E+00  0.0000E+00
     1     2     1     2        0  0.0000E+00  0.3132E-05  0.0000E+00  0.0000E+00
     1     3     1     1        0  0.0000E+00  0.1873E+00  0.0000E+00  0.0000E+00
     1     3     1     2        0  0.0000E+00  0.6095E-05  0.0000E+00  0.0000E+00
     1     4     1     1        0  0.6189E-02  0.2808E+00  0.0000E+00  0.0000E+00
     1     4     1     2        0  0.0000E+00  0.1654E-04  0.0000E+00  0.0000E+00
     1     5     1     1        0  0.2244E-01  0.4211E+00  0.0000E+00  0.0000E+00
     1     5     1     2        0  0.0000E+00  0.5455E-04  0.0000E+00  0.0000E+00
     1     6     1     1        0  0.4029E-01  0.5518E+00  0.0000E+00  0.0000E+00
     1     6     1     2        0  0.0000E+00  0.1139E-03  0.0000E+00  0.0000E+00
     1     7     1     1        0  0.3696E-01  0.5982E+00  0.0000E+00  0.0000E+00
     1     7     1     2        0  0.0000E+00  0.1725E-03  0.0000E+00  0.0000E+00
     1     8     1     1        0  0.1162E-01  0.5139E+00  0.0000E+00  0.0000E+00
     1     8     1     2        0  0.0000E+00  0.1304E-03  0.0000E+00  0.0000E+00
