SUMMARY OF C0NVERGENCE INFORMATION
  STEP   INC  ATT   ITER     CONT.   RESID.        CORR.      RESID.      CORR.
                              EL.    FORCE         DISP       FLUX        TEMP.
                              (#)     (%)           (%)        (%)         (%)
     1     1     1     1        0  0.3037E+03  0.1000E+03  0.0000E+00  0.0000E+00
     1     1     1     2        0  0.7015E-01  0.4514E+00  0.0000E+00  0.0000E+00
     1     2     1     1        0  0.1885E+00  0.8201E+00  0.0000E+00  0.0000E+00
     1     2     1     2        0  0.0000E+00  0.8096E-02  0.0000E+00  0.0000E+00
     1     3     1     1        0  0.4246E+00  0.7609E+00  0.0000E+00  0.0000E+00
     1     3     1     2        0  0.0000E+00  0.1397E-01  0.0000E+00  0.0000E+00
     1     4     1     1        0  0.1207E+01  0.1005E+01  0.0000E+00  0.0000E+00
     1     4     1     2        0  0.2937E-02  0.7202E-01  0.0000E+00  0.0000E+00
     1     5     1     1        0  0.4345E+01  0.2396E+01  0.0000E+00  0.0000E+00
     1     5     1     2        0  0.1355E+00  0.4263E+00  0.0000E+00  0.0000E+00
     1     6     1     1        0  0.9870E+01  0.4364E+01  0.0000E+00  0.0000E+00
     1     6     1     2        0  0.4991E+00  0.8538E+00  0.0000E+00  0.0000E+00
     1     7     1     1        0  0.1289E+02  0.4649E+01  0.0000E+00  0.0000E+00
     1     7     1     2        0  0.4057E+00  0.6850E+00  0.0000E+00  0.0000E+00
     1     8     1     1        0  0.5362E+01  0.3185E+01  0.0000E+00  0.0000E+00
     1     8     1     2        0  0.5296E-01  0.2599E+00  0.0000E+00  0.0000E+00
