SUMMARY OF C0NVERGENCE INFORMATION
  STEP   INC  ATT   ITER     CONT.   RESID.        CORR.      RESID.      CORR.
                              EL.    FORCE         DISP       FLUX        TEMP.
                              (#)     (%)           (%)        (%)         (%)
     1     1     1     1        0  0.2006E+03  0.1000E+03  0.0000E+00  0.0000E+00
     1     1     1     2        0  0.2060E-01  0.3057E+00  0.0000E+00  0.0000E+00
     1     2     1     1        0  0.5555E-01  0.5786E+00  0.0000E+00  0.0000E+00
     1     2     1     2        0  0.0000E+00  0.2506E-02  0.0000E+00  0.0000E+00
     1     3     1     1        0  0.1324E+00  0.6259E+00  0.0000E+00  0.0000E+00
     1     3     1     2        0  0.0000E+00  0.5174E-02  0.0000E+00  0.0000E+00
     1     4     1     1        0  0.4354E+00  0.6773E+00  0.0000E+00  0.0000E+00
     1     4     1     2        0  0.0000E+00  0.1227E-01  0.0000E+00  0.0000E+00
     1     5     1     1        0  0.1214E+01  0.1094E+01  0.0000E+00  0.0000E+00
     1     5     1     2        0  0.3718E-02  0.8187E-01  0.0000E+00  0.0000E+00
     1     6     1     1        0  0.2551E+01  0.2258E+01  0.0000E+00  0.0000E+00
     1     6     1     2        0  0.3927E-01  0.2783E+00  0.0000E+00  0.0000E+00
     1     7     1     1        0  0.3268E+01  0.3401E+01  0.0000E+00  0.0000E+00
     1     7     1     2        0  0.4785E-01  0.3634E+00  0.0000E+00  0.0000E+00
     1     8     1     1        0  0.1299E+01  0.3251E+01  0.0000E+00  0.0000E+00
     1     8     1     2        0  0.3270E-02  0.1686E+00  0.0000E+00  0.0000E+00
