SUMMARY OF C0NVERGENCE INFORMATION
  STEP   INC  ATT   ITER     CONT.   RESID.        CORR.      RESID.      CORR.
                              EL.    FORCE         DISP       FLUX        TEMP.
                              (#)     (%)           (%)        (%)         (%)
     1     1     1     1        0  0.4419E+02  0.1000E+03  0.0000E+00  0.0000E+00
     1     1     1     2        0  0.0000E+00  0.2725E-01  0.0000E+00  0.0000E+00
     1     2     1     1        0  0.0000E+00  0.5451E-01  0.0000E+00  0.0000E+00
     1     2     1     2        0  0.0000E+00  0.1669E-06  0.0000E+00  0.0000E+00
     1     3     1     1        0  0.0000E+00  0.6813E-01  0.0000E+00  0.0000E+00
     1     3     1     2        0  0.0000E+00  0.3695E-06  0.0000E+00  0.0000E+00
     1     4     1     1        0  0.0000E+00  0.1022E+00  0.0000E+00  0.0000E+00
     1     4     1     2        0  0.0000E+00  0.1145E-05  0.0000E+00  0.0000E+00
     1     5     1     1        0  0.0000E+00  0.1532E+00  0.0000E+00  0.0000E+00
     1     5     1     2        0  0.0000E+00  0.3347E-05  0.0000E+00  0.0000E+00
     1     6     1     1        0  0.0000E+00  0.2009E+00  0.0000E+00  0.0000E+00
     1     6     1     2        0  0.0000E+00  0.5579E-05  0.0000E+00  0.0000E+00
     1     7     1     1        0  0.0000E+00  0.2178E+00  0.0000E+00  0.0000E+00
     1     7     1     2        0  0.0000E+00  0.6578E-05  0.0000E+00  0.0000E+00
     1     8     1     1        0  0.0000E+00  0.1871E+00  0.0000E+00  0.0000E+00
     1     8     1     2        0  0.0000E+00  0.3549E-05  0.0000E+00  0.0000E+00
