SUMMARY OF C0NVERGENCE INFORMATION
  STEP   INC  ATT   ITER     CONT.   RESID.        CORR.      RESID.      CORR.
                              EL.    FORCE         DISP       FLUX        TEMP.
                              (#)     (%)           (%)        (%)         (%)
     1     1     1     1        0  0.2280E+03  0.1000E+03  0.0000E+00  0.0000E+00
     1     1     1     2        0  0.3007E-01  0.3451E+00  0.0000E+00  0.0000E+00
     1     2     1     1        0  0.8106E-01  0.6467E+00  0.0000E+00  0.0000E+00
     1     2     1     2        0  0.0000E+00  0.3612E-02  0.0000E+00  0.0000E+00
     1     3     1     1        0  0.1908E+00  0.6761E+00  0.0000E+00  0.0000E+00
     1     3     1     2        0  0.0000E+00  0.7181E-02  0.0000E+00  0.0000E+00
     1     4     1     1        0  0.6073E+00  0.6589E+00  0.0000E+00  0.0000E+00
     1     4     1     2        0  0.4395E-03  0.2099E-01  0.0000E+00  0.0000E+00
     1     5     1     1        0  0.1576E+01  0.1395E+01  0.0000E+00  0.0000E+00
     1     5     1     2        0  0.1189E-01  0.1410E+00  0.0000E+00  0.0000E+00
     1     6     1     1        0  0.4135E+01  0.2848E+01  0.0000E+00  0.0000E+00
     1     6     1     2        0  0.1032E+00  0.4261E+00  0.0000E+00  0.0000E+00
     1     7     1     1        0  0.4542E+01  0.3984E+01  0.0000E+00  0.0000E+00
     1     7     1     2        0  0.8142E-01  0.4706E+00  0.0000E+00  0.0000E+00
     1     8     1     1        0  0.1980E+01  0.3420E+01  0.0000E+00  0.0000E+00
     1     8     1     2        0  0.9104E-02  0.2003E+00  0.0000E+00  0.0000E+00
