SUMMARY OF C0NVERGENCE INFORMATION
  STEP   INC  ATT   ITER     CONT.   RESID.        CORR.      RESID.      CORR.
                              EL.    FORCE         DISP       FLUX        TEMP.
                              (#)     (%)           (%)        (%)         (%)
     1     1     1     1        0  0.1394E+03  0.1000E+03  0.0000E+00  0.0000E+00
     1     1     1     2        0  0.7021E-02  0.2157E+00  0.0000E+00  0.0000E+00
     1     2     1     1        0  0.1891E-01  0.4166E+00  0.0000E+00  0.0000E+00
     1     2     1     2        0  0.0000E+00  0.8748E-03  0.0000E+00  0.0000E+00
     1     3     1     1        0  0.4590E-01  0.4794E+00  0.0000E+00  0.0000E+00
     1     3     1     2        0  0.0000E+00  0.1926E-02  0.0000E+00  0.0000E+00
     1     4     1     1        0  0.1597E+00  0.6113E+00  0.0000E+00  0.0000E+00
     1     4     1     2        0  0.0000E+00  0.5573E-02  0.0000E+00  0.0000E+00
     1     5     1     1        0  0.5162E+00  0.6064E+00  0.0000E+00  0.0000E+00
     1     5     1     2        0  0.0000E+00  0.1690E-01  0.0000E+00  0.0000E+00
     1     6     1     1        0  0.7169E+00  0.1095E+01  0.0000E+00  0.0000E+00
     1     6     1     2        0  0.1589E-02  0.6397E-01  0.0000E+00  0.0000E+00
     1     7     1     1        0  0.8615E+00  0.1793E+01  0.0000E+00  0.0000E+00
     1     7     1     2        0  0.3775E-02  0.1179E+00  0.0000E+00  0.0000E+00
     1     8     1     1        0  0.3887E+00  0.2060E+01  0.0000E+00  0.0000E+00
     1     8     1     2        0  0.6160E-03  0.7476E-01  0.0000E+00  0.0000E+00
