SUMMARY OF C0NVERGENCE INFORMATION
  STEP   INC  ATT   ITER     CONT.   RESID.        CORR.      RESID.      CORR.
                              EL.    FORCE         DISP       FLUX        TEMP.
                              (#)     (%)           (%)        (%)         (%)
     1     1     1     1        0  0.5497E+02  0.1000E+03  0.0000E+00  0.0000E+00
     1     1     1     2        0  0.0000E+00  0.3407E-01  0.0000E+00  0.0000E+00
     1     2     1     1        0  0.0000E+00  0.6813E-01  0.0000E+00  0.0000E+00
     1     2     1     2        0  0.0000E+00  0.3214E-06  0.0000E+00  0.0000E+00
     1     3     1     1        0  0.0000E+00  0.8515E-01  0.0000E+00  0.0000E+00
     1     3     1     2        0  0.0000E+00  0.7005E-06  0.0000E+00  0.0000E+00
     1     4     1     1        0  0.0000E+00  0.1277E+00  0.0000E+00  0.0000E+00
     1     4     1     2        0  0.0000E+00  0.2115E-05  0.0000E+00  0.0000E+00
     1     5     1     1        0  0.0000E+00  0.1915E+00  0.0000E+00  0.0000E+00
     1     5     1     2        0  0.0000E+00  0.5877E-05  0.0000E+00  0.0000E+00
     1     6     1     1        0  0.0000E+00  0.2510E+00  0.0000E+00  0.0000E+00
     1     6     1     2        0  0.0000E+00  0.1080E-04  0.0000E+00  0.0000E+00
     1     7     1     1        0  0.0000E+00  0.2722E+00  0.0000E+00  0.0000E+00
     1     7     1     2        0  0.0000E+00  0.1278E-04  0.0000E+00  0.0000E+00
     1     8     1     1        0  0.0000E+00  0.2339E+00  0.0000E+00  0.0000E+00
     1     8     1     2        0  0.0000E+00  0.6963E-05  0.0000E+00  0.0000E+00
