SUMMARY OF C0NVERGENCE INFORMATION
  STEP   INC  ATT   ITER     CONT.   RESID.        CORR.      RESID.      CORR.
                              EL.    FORCE         DISP       FLUX        TEMP.
                              (#)     (%)           (%)        (%)         (%)
     1     1     1     1        0  0.5899E+02  0.1000E+03  0.0000E+00  0.0000E+00
     1     1     1     2        0  0.0000E+00  0.9336E-01  0.0000E+00  0.0000E+00
     1     2     1     1        0  0.0000E+00  0.1843E+00  0.0000E+00  0.0000E+00
     1     2     1     2        0  0.0000E+00  0.6985E-04  0.0000E+00  0.0000E+00
     1     3     1     1        0  0.3590E-02  0.2243E+00  0.0000E+00  0.0000E+00
     1     3     1     2        0  0.0000E+00  0.1613E-03  0.0000E+00  0.0000E+00
     1     4     1     1        0  0.1290E-01  0.3223E+00  0.0000E+00  0.0000E+00
     1     4     1     2        0  0.0000E+00  0.5294E-03  0.0000E+00  0.0000E+00
     1     5     1     1        0  0.4648E-01  0.4452E+00  0.0000E+00  0.0000E+00
     1     5     1     2        0  0.0000E+00  0.1670E-02  0.0000E+00  0.0000E+00
     1     6     1     1        0  0.8101E-01  0.5020E+00  0.0000E+00  0.0000E+00
     1     6     1     2        0  0.0000E+00  0.2938E-02  0.0000E+00  0.0000E+00
     1     7     1     1        0  0.6970E-01  0.4200E+00  0.0000E+00  0.0000E+00
     1     7     1     2        0  0.0000E+00  0.2835E-02  0.0000E+00  0.0000E+00
     1     8     1     1        0  0.2006E-01  0.3507E+00  0.0000E+00  0.0000E+00
     1     8     1     2        0  0.0000E+00  0.2115E-02  0.0000E+00  0.0000E+00
