SUMMARY OF C0NVERGENCE INFORMATION
  STEP   INC  ATT   ITER     CONT.   RESID.        CORR.      RESID.      CORR.
                              EL.    FORCE         DISP       FLUX        TEMP.
                              (#)     (%)           (%)        (%)         (%)
     1     1     1     1        0  0.2962E+03  0.1000E+03  0.0000E+00  0.0000E+00
     1     1     1     2        0  0.7194E-02  0.2248E+00  0.0000E+00  0.0000E+00
     1     2     1     1        0  0.1919E-01  0.4494E+00  0.0000E+00  0.0000E+00
     1     2     1     2        0  0.0000E+00  0.5592E-04  0.0000E+00  0.0000E+00
     1     3     1     1        0  0.4668E-01  0.5614E+00  0.0000E+00  0.0000E+00
     1     3     1     2        0  0.0000E+00  0.1249E-03  0.0000E+00  0.0000E+00
     1     4     1     1        0  0.1672E+00  0.8414E+00  0.0000E+00  0.0000E+00
     1     4     1     2        0  0.0000E+00  0.4750E-03  0.0000E+00  0.0000E+00
     1     5     1     1        0  0.6066E+00  0.1261E+01  0.0000E+00  0.0000E+00
     1     5     1     2        0  0.0000E+00  0.3176E-02  0.0000E+00  0.0000E+00
     1     6     1     1        0  0.1090E+01  0.1652E+01  0.0000E+00  0.0000E+00
     1     6     1     2        0  0.0000E+00  0.1062E-01  0.0000E+00  0.0000E+00
     1     7     1     1        0  0.1001E+01  0.1792E+01  0.0000E+00  0.0000E+00
     1     7     1     2        0  0.0000E+00  0.1783E-01  0.0000E+00  0.0000E+00
     1     8     1     1        0  0.3161E+00  0.1542E+01  0.0000E+00  0.0000E+00
     1     8     1     2        0  0.0000E+00  0.1284E-01  0.0000E+00  0.0000E+00
