SUMMARY OF C0NVERGENCE INFORMATION
  STEP   INC  ATT   ITER     CONT.   RESID.        CORR.      RESID.      CORR.
                              EL.    FORCE         DISP       FLUX        TEMP.
                              (#)     (%)           (%)        (%)         (%)
     1     1     1     1        0  0.2895E+03  0.1000E+03  0.0000E+00  0.0000E+00
     1     1     1     2        0  0.6560E-02  0.2180E+00  0.0000E+00  0.0000E+00
     1     2     1     1        0  0.1749E-01  0.4358E+00  0.0000E+00  0.0000E+00
     1     2     1     2        0  0.0000E+00  0.5217E-04  0.0000E+00  0.0000E+00
     1     3     1     1        0  0.4257E-01  0.5444E+00  0.0000E+00  0.0000E+00
     1     3     1     2        0  0.0000E+00  0.1142E-03  0.0000E+00  0.0000E+00
     1     4     1     1        0  0.1525E+00  0.8159E+00  0.0000E+00  0.0000E+00
     1     4     1     2        0  0.0000E+00  0.4219E-03  0.0000E+00  0.0000E+00
     1     5     1     1        0  0.5531E+00  0.1223E+01  0.0000E+00  0.0000E+00
     1     5     1     2        0  0.0000E+00  0.2779E-02  0.0000E+00  0.0000E+00
     1     6     1     1        0  0.9935E+00  0.1602E+01  0.0000E+00  0.0000E+00
     1     6     1     2        0  0.0000E+00  0.9425E-02  0.0000E+00  0.0000E+00
     1     7     1     1        0  0.9131E+00  0.1738E+01  0.0000E+00  0.0000E+00
     1     7     1     2        0  0.0000E+00  0.1592E-01  0.0000E+00  0.0000E+00
     1     8     1     1        0  0.2881E+00  0.1495E+01  0.0000E+00  0.0000E+00
     1     8     1     2        0  0.0000E+00  0.1146E-01  0.0000E+00  0.0000E+00
