SUMMARY OF C0NVERGENCE INFORMATION
  STEP   INC  ATT   ITER     CONT.   RESID.        CORR.      RESID.      CORR.
                              EL.    FORCE         DISP       FLUX        TEMP.
                              (#)     (%)           (%)        (%)         (%)
     1     1     1     1        0  0.1529E+03  0.1000E+03  0.0000E+00  0.0000E+00
     1     1     1     2        0  0.9238E-02  0.2359E+00  0.0000E+00  0.0000E+00
     1     2     1     1        0  0.2490E-01  0.4535E+00  0.0000E+00  0.0000E+00
     1     2     1     2        0  0.0000E+00  0.1145E-02  0.0000E+00  0.0000E+00
     1     3     1     1        0  0.6023E-01  0.5157E+00  0.0000E+00  0.0000E+00
     1     3     1     2        0  0.0000E+00  0.2492E-02  0.0000E+00  0.0000E+00
     1     4     1     1        0  0.2074E+00  0.6385E+00  0.0000E+00  0.0000E+00
     1     4     1     2        0  0.0000E+00  0.6965E-02  0.0000E+00  0.0000E+00
     1     5     1     1        0  0.6513E+00  0.6755E+00  0.0000E+00  0.0000E+00
     1     5     1     2        0  0.5165E-03  0.2521E-01  0.0000E+00  0.0000E+00
     1     6     1     1        0  0.8700E+00  0.1319E+01  0.0000E+00  0.0000E+00
     1     6     1     2        0  0.3733E-02  0.9532E-01  0.0000E+00  0.0000E+00
     1     7     1     1        0  0.1261E+01  0.2153E+01  0.0000E+00  0.0000E+00
     1     7     1     2        0  0.8067E-02  0.1654E+00  0.0000E+00  0.0000E+00
     1     8     1     1        0  0.5359E+00  0.2399E+01  0.0000E+00  0.0000E+00
     1     8     1     2        0  0.1100E-02  0.9704E-01  0.0000E+00  0.0000E+00
