SUMMARY OF C0NVERGENCE INFORMATION
  STEP   INC  ATT   ITER     CONT.   RESID.        CORR.      RESID.      CORR.
                              EL.    FORCE         DISP       FLUX        TEMP.
                              (#)     (%)           (%)        (%)         (%)
     1     1     1     1        0  0.5313E+03  0.1000E+03  0.0000E+00  0.0000E+00
     1     1     1     2        0  0.0000E+00  0.2470E+00  0.0000E+00  0.0000E+00
     1     2     1     1        0  0.4973E-01  0.4937E+00  0.0000E+00  0.0000E+00
     1     2     1     2        0  0.0000E+00  0.8286E-04  0.0000E+00  0.0000E+00
     1     3     1     1        0  0.1211E+00  0.6166E+00  0.0000E+00  0.0000E+00
     1     3     1     2        0  0.0000E+00  0.1755E-03  0.0000E+00  0.0000E+00
     1     4     1     1        0  0.4341E+00  0.9240E+00  0.0000E+00  0.0000E+00
     1     4     1     2        0  0.0000E+00  0.5422E-03  0.0000E+00  0.0000E+00
     1     5     1     1        0  0.1576E+01  0.1384E+01  0.0000E+00  0.0000E+00
     1     5     1     2        0  0.0000E+00  0.3032E-02  0.0000E+00  0.0000E+00
     1     6     1     1        0  0.2834E+01  0.1813E+01  0.0000E+00  0.0000E+00
     1     6     1     2        0  0.0000E+00  0.1007E-01  0.0000E+00  0.0000E+00
     1     7     1     1        0  0.2604E+01  0.1967E+01  0.0000E+00  0.0000E+00
     1     7     1     2        0  0.0000E+00  0.1684E-01  0.0000E+00  0.0000E+00
     1     8     1     1        0  0.8211E+00  0.1693E+01  0.0000E+00  0.0000E+00
     1     8     1     2        0  0.0000E+00  0.1225E-01  0.0000E+00  0.0000E+00
