SUMMARY OF C0NVERGENCE INFORMATION
  STEP   INC  ATT   ITER     CONT.   RESID.        CORR.      RESID.      CORR.
                              EL.    FORCE         DISP       FLUX        TEMP.
                              (#)     (%)           (%)        (%)         (%)
     1     1     1     1        0  0.5540E+03  0.1000E+03  0.0000E+00  0.0000E+00
     1     1     1     2        0  0.0000E+00  0.2646E+00  0.0000E+00  0.0000E+00
     1     2     1     1        0  0.6117E-01  0.5290E+00  0.0000E+00  0.0000E+00
     1     2     1     2        0  0.0000E+00  0.1008E-03  0.0000E+00  0.0000E+00
     1     3     1     1        0  0.1489E+00  0.6606E+00  0.0000E+00  0.0000E+00
     1     3     1     2        0  0.0000E+00  0.2117E-03  0.0000E+00  0.0000E+00
     1     4     1     1        0  0.5341E+00  0.9898E+00  0.0000E+00  0.0000E+00
     1     4     1     2        0  0.0000E+00  0.6798E-03  0.0000E+00  0.0000E+00
     1     5     1     1        0  0.1940E+01  0.1483E+01  0.0000E+00  0.0000E+00
     1     5     1     2        0  0.0000E+00  0.4071E-02  0.0000E+00  0.0000E+00
     1     6     1     1        0  0.3486E+01  0.1942E+01  0.0000E+00  0.0000E+00
     1     6     1     2        0  0.0000E+00  0.1310E-01  0.0000E+00  0.0000E+00
     1     7     1     1        0  0.3203E+01  0.2107E+01  0.0000E+00  0.0000E+00
     1     7     1     2        0  0.0000E+00  0.2160E-01  0.0000E+00  0.0000E+00
     1     8     1     1        0  0.1010E+01  0.1815E+01  0.0000E+00  0.0000E+00
     1     8     1     2        0  0.0000E+00  0.1578E-01  0.0000E+00  0.0000E+00
