SUMMARY OF C0NVERGENCE INFORMATION
  STEP   INC  ATT   ITER     CONT.   RESID.        CORR.      RESID.      CORR.
                              EL.    FORCE         DISP       FLUX        TEMP.
                              (#)     (%)           (%)        (%)         (%)
     1     1     1     1        0  0.5499E+02  0.1000E+03  0.0000E+00  0.0000E+00
     1     1     1     2        0  0.0000E+00  0.1765E-01  0.0000E+00  0.0000E+00
     1     2     1     1        0  0.0000E+00  0.3529E-01  0.0000E+00  0.0000E+00
     1     2     1     2        0  0.0000E+00  0.4123E-07  0.0000E+00  0.0000E+00
     1     3     1     1        0  0.0000E+00  0.4412E-01  0.0000E+00  0.0000E+00
     1     3     1     2        0  0.0000E+00  0.9401E-07  0.0000E+00  0.0000E+00
     1     4     1     1        0  0.0000E+00  0.6617E-01  0.0000E+00  0.0000E+00
     1     4     1     2        0  0.0000E+00  0.3046E-06  0.0000E+00  0.0000E+00
     1     5     1     1        0  0.0000E+00  0.9924E-01  0.0000E+00  0.0000E+00
     1     5     1     2        0  0.0000E+00  0.9637E-06  0.0000E+00  0.0000E+00
     1     6     1     1        0  0.0000E+00  0.1301E+00  0.0000E+00  0.0000E+00
     1     6     1     2        0  0.0000E+00  0.1802E-05  0.0000E+00  0.0000E+00
     1     7     1     1        0  0.0000E+00  0.1411E+00  0.0000E+00  0.0000E+00
     1     7     1     2        0  0.0000E+00  0.2096E-05  0.0000E+00  0.0000E+00
     1     8     1     1        0  0.0000E+00  0.1212E+00  0.0000E+00  0.0000E+00
     1     8     1     2        0  0.0000E+00  0.1109E-05  0.0000E+00  0.0000E+00
