SUMMARY OF C0NVERGENCE INFORMATION
  STEP   INC  ATT   ITER     CONT.   RESID.        CORR.      RESID.      CORR.
                              EL.    FORCE         DISP       FLUX        TEMP.
                              (#)     (%)           (%)        (%)         (%)
     1     1     1     1        0  0.5754E+03  0.1000E+03  0.0000E+00  0.0000E+00
     1     1     1     2        0  0.2783E-01  0.2823E+00  0.0000E+00  0.0000E+00
     1     2     1     1        0  0.7425E-01  0.5642E+00  0.0000E+00  0.0000E+00
     1     2     1     2        0  0.0000E+00  0.1209E-03  0.0000E+00  0.0000E+00
     1     3     1     1        0  0.1808E+00  0.7046E+00  0.0000E+00  0.0000E+00
     1     3     1     2        0  0.0000E+00  0.2521E-03  0.0000E+00  0.0000E+00
     1     4     1     1        0  0.6483E+00  0.1056E+01  0.0000E+00  0.0000E+00
     1     4     1     2        0  0.0000E+00  0.8577E-03  0.0000E+00  0.0000E+00
     1     5     1     1        0  0.2354E+01  0.1581E+01  0.0000E+00  0.0000E+00
     1     5     1     2        0  0.0000E+00  0.5328E-02  0.0000E+00  0.0000E+00
     1     6     1     1        0  0.4231E+01  0.2071E+01  0.0000E+00  0.0000E+00
     1     6     1     2        0  0.0000E+00  0.1665E-01  0.0000E+00  0.0000E+00
     1     7     1     1        0  0.3886E+01  0.2248E+01  0.0000E+00  0.0000E+00
     1     7     1     2        0  0.0000E+00  0.2710E-01  0.0000E+00  0.0000E+00
     1     8     1     1        0  0.1226E+01  0.1937E+01  0.0000E+00  0.0000E+00
     1     8     1     2        0  0.0000E+00  0.1991E-01  0.0000E+00  0.0000E+00
