SUMMARY OF C0NVERGENCE INFORMATION
  STEP   INC  ATT   ITER     CONT.   RESID.        CORR.      RESID.      CORR.
                              EL.    FORCE         DISP       FLUX        TEMP.
                              (#)     (%)           (%)        (%)         (%)
     1     1     1     1        0  0.2872E+03  0.1000E+03  0.0000E+00  0.0000E+00
     1     1     1     2        0  0.0000E+00  0.1059E+00  0.0000E+00  0.0000E+00
     1     2     1     1        0  0.0000E+00  0.2117E+00  0.0000E+00  0.0000E+00
     1     2     1     2        0  0.0000E+00  0.7557E-05  0.0000E+00  0.0000E+00
     1     3     1     1        0  0.0000E+00  0.2645E+00  0.0000E+00  0.0000E+00
     1     3     1     2        0  0.0000E+00  0.1604E-04  0.0000E+00  0.0000E+00
     1     4     1     1        0  0.3410E-01  0.3966E+00  0.0000E+00  0.0000E+00
     1     4     1     2        0  0.0000E+00  0.5099E-04  0.0000E+00  0.0000E+00
     1     5     1     1        0  0.1237E+00  0.5944E+00  0.0000E+00  0.0000E+00
     1     5     1     2        0  0.0000E+00  0.1570E-03  0.0000E+00  0.0000E+00
     1     6     1     1        0  0.2223E+00  0.7787E+00  0.0000E+00  0.0000E+00
     1     6     1     2        0  0.0000E+00  0.3129E-03  0.0000E+00  0.0000E+00
     1     7     1     1        0  0.2041E+00  0.8441E+00  0.0000E+00  0.0000E+00
     1     7     1     2        0  0.0000E+00  0.5027E-03  0.0000E+00  0.0000E+00
     1     8     1     1        0  0.6421E-01  0.7251E+00  0.0000E+00  0.0000E+00
     1     8     1     2        0  0.0000E+00  0.3756E-03  0.0000E+00  0.0000E+00
