SUMMARY OF C0NVERGENCE INFORMATION
  STEP   INC  ATT   ITER     CONT.   RESID.        CORR.      RESID.      CORR.
                              EL.    FORCE         DISP       FLUX        TEMP.
                              (#)     (%)           (%)        (%)         (%)
     1     1     1     1        0  0.3607E+03  0.1000E+03  0.0000E+00  0.0000E+00
     1     1     1     2        0  0.0000E+00  0.1412E+00  0.0000E+00  0.0000E+00
     1     2     1     1        0  0.0000E+00  0.2822E+00  0.0000E+00  0.0000E+00
     1     2     1     2        0  0.0000E+00  0.1663E-04  0.0000E+00  0.0000E+00
     1     3     1     1        0  0.0000E+00  0.3526E+00  0.0000E+00  0.0000E+00
     1     3     1     2        0  0.0000E+00  0.3671E-04  0.0000E+00  0.0000E+00
     1     4     1     1        0  0.8087E-01  0.5286E+00  0.0000E+00  0.0000E+00
     1     4     1     2        0  0.0000E+00  0.1141E-03  0.0000E+00  0.0000E+00
     1     5     1     1        0  0.2935E+00  0.7921E+00  0.0000E+00  0.0000E+00
     1     5     1     2        0  0.0000E+00  0.3485E-03  0.0000E+00  0.0000E+00
     1     6     1     1        0  0.5275E+00  0.1038E+01  0.0000E+00  0.0000E+00
     1     6     1     2        0  0.0000E+00  0.9488E-03  0.0000E+00  0.0000E+00
     1     7     1     1        0  0.4846E+00  0.1125E+01  0.0000E+00  0.0000E+00
     1     7     1     2        0  0.0000E+00  0.1800E-02  0.0000E+00  0.0000E+00
     1     8     1     1        0  0.1525E+00  0.9663E+00  0.0000E+00  0.0000E+00
     1     8     1     2        0  0.0000E+00  0.1321E-02  0.0000E+00  0.0000E+00
