SUMMARY OF C0NVERGENCE INFORMATION
  STEP   INC  ATT   ITER     CONT.   RESID.        CORR.      RESID.      CORR.
                              EL.    FORCE         DISP       FLUX        TEMP.
                              (#)     (%)           (%)        (%)         (%)
     1     1     1     1        0  0.5072E+03  0.1000E+03  0.0000E+00  0.0000E+00
     1     1     1     2        0  0.0000E+00  0.2294E+00  0.0000E+00  0.0000E+00
     1     2     1     1        0  0.3981E-01  0.4585E+00  0.0000E+00  0.0000E+00
     1     2     1     2        0  0.0000E+00  0.6710E-04  0.0000E+00  0.0000E+00
     1     3     1     1        0  0.9692E-01  0.5726E+00  0.0000E+00  0.0000E+00
     1     3     1     2        0  0.0000E+00  0.1433E-03  0.0000E+00  0.0000E+00
     1     4     1     1        0  0.3475E+00  0.8581E+00  0.0000E+00  0.0000E+00
     1     4     1     2        0  0.0000E+00  0.4342E-03  0.0000E+00  0.0000E+00
     1     5     1     1        0  0.1262E+01  0.1286E+01  0.0000E+00  0.0000E+00
     1     5     1     2        0  0.0000E+00  0.2195E-02  0.0000E+00  0.0000E+00
     1     6     1     1        0  0.2268E+01  0.1684E+01  0.0000E+00  0.0000E+00
     1     6     1     2        0  0.0000E+00  0.7534E-02  0.0000E+00  0.0000E+00
     1     7     1     1        0  0.2085E+01  0.1826E+01  0.0000E+00  0.0000E+00
     1     7     1     2        0  0.0000E+00  0.1280E-01  0.0000E+00  0.0000E+00
     1     8     1     1        0  0.6572E+00  0.1571E+01  0.0000E+00  0.0000E+00
     1     8     1     2        0  0.0000E+00  0.9282E-02  0.0000E+00  0.0000E+00
