SUMMARY OF C0NVERGENCE INFORMATION
  STEP   INC  ATT   ITER     CONT.   RESID.        CORR.      RESID.      CORR.
                              EL.    FORCE         DISP       FLUX        TEMP.
                              (#)     (%)           (%)        (%)         (%)
     1     1     1     1        0  0.4251E+03  0.1000E+03  0.0000E+00  0.0000E+00
     1     1     1     2        0  0.0000E+00  0.1764E+00  0.0000E+00  0.0000E+00
     1     2     1     1        0  0.0000E+00  0.3528E+00  0.0000E+00  0.0000E+00
     1     2     1     2        0  0.0000E+00  0.3156E-04  0.0000E+00  0.0000E+00
     1     3     1     1        0  0.4409E-01  0.4407E+00  0.0000E+00  0.0000E+00
     1     3     1     2        0  0.0000E+00  0.6908E-04  0.0000E+00  0.0000E+00
     1     4     1     1        0  0.1580E+00  0.6605E+00  0.0000E+00  0.0000E+00
     1     4     1     2        0  0.0000E+00  0.2106E-03  0.0000E+00  0.0000E+00
     1     5     1     1        0  0.5738E+00  0.9896E+00  0.0000E+00  0.0000E+00
     1     5     1     2        0  0.0000E+00  0.7241E-03  0.0000E+00  0.0000E+00
     1     6     1     1        0  0.1031E+01  0.1296E+01  0.0000E+00  0.0000E+00
     1     6     1     2        0  0.0000E+00  0.2538E-02  0.0000E+00  0.0000E+00
     1     7     1     1        0  0.9477E+00  0.1405E+01  0.0000E+00  0.0000E+00
     1     7     1     2        0  0.0000E+00  0.4591E-02  0.0000E+00  0.0000E+00
     1     8     1     1        0  0.2985E+00  0.1208E+01  0.0000E+00  0.0000E+00
     1     8     1     2        0  0.0000E+00  0.3325E-02  0.0000E+00  0.0000E+00
