SUMMARY OF C0NVERGENCE INFORMATION
  STEP   INC  ATT   ITER     CONT.   RESID.        CORR.      RESID.      CORR.
                              EL.    FORCE         DISP       FLUX        TEMP.
                              (#)     (%)           (%)        (%)         (%)
     1     1     1     1        0  0.3940E+03  0.1000E+03  0.0000E+00  0.0000E+00
     1     1     1     2        0  0.0000E+00  0.1588E+00  0.0000E+00  0.0000E+00
     1     2     1     1        0  0.0000E+00  0.3175E+00  0.0000E+00  0.0000E+00
     1     2     1     2        0  0.0000E+00  0.2326E-04  0.0000E+00  0.0000E+00
     1     3     1     1        0  0.3214E-01  0.3966E+00  0.0000E+00  0.0000E+00
     1     3     1     2        0  0.0000E+00  0.5131E-04  0.0000E+00  0.0000E+00
     1     4     1     1        0  0.1152E+00  0.5945E+00  0.0000E+00  0.0000E+00
     1     4     1     2        0  0.0000E+00  0.1579E-03  0.0000E+00  0.0000E+00
     1     5     1     1        0  0.4181E+00  0.8909E+00  0.0000E+00  0.0000E+00
     1     5     1     2        0  0.0000E+00  0.4994E-03  0.0000E+00  0.0000E+00
     1     6     1     1        0  0.7515E+00  0.1167E+01  0.0000E+00  0.0000E+00
     1     6     1     2        0  0.0000E+00  0.1599E-02  0.0000E+00  0.0000E+00
     1     7     1     1        0  0.6904E+00  0.1265E+01  0.0000E+00  0.0000E+00
     1     7     1     2        0  0.0000E+00  0.2972E-02  0.0000E+00  0.0000E+00
     1     8     1     1        0  0.2174E+00  0.1087E+01  0.0000E+00  0.0000E+00
     1     8     1     2        0  0.0000E+00  0.2162E-02  0.0000E+00  0.0000E+00
