SUMMARY OF C0NVERGENCE INFORMATION
  STEP   INC  ATT   ITER     CONT.   RESID.        CORR.      RESID.      CORR.
                              EL.    FORCE         DISP       FLUX        TEMP.
                              (#)     (%)           (%)        (%)         (%)
     1     1     1     1        0  0.0000E+00  0.1000E+03  0.0000E+00  0.0000E+00
     1     1     1     2        0  0.0000E+00  0.1397E-02  0.0000E+00  0.0000E+00
     1     2     1     1        0  0.0000E+00  0.2794E-02  0.0000E+00  0.0000E+00
     1     2     1     2        0  0.0000E+00  0.2105E-10  0.0000E+00  0.0000E+00
     1     3     1     1        0  0.0000E+00  0.3493E-02  0.0000E+00  0.0000E+00
     1     3     1     2        0  0.0000E+00  0.4952E-10  0.0000E+00  0.0000E+00
     1     4     1     1        0  0.0000E+00  0.5239E-02  0.0000E+00  0.0000E+00
     1     4     1     2        0  0.0000E+00  0.1656E-09  0.0000E+00  0.0000E+00
     1     5     1     1        0  0.0000E+00  0.7859E-02  0.0000E+00  0.0000E+00
     1     5     1     2        0  0.0000E+00  0.5559E-09  0.0000E+00  0.0000E+00
     1     6     1     1        0  0.0000E+00  0.1030E-01  0.0000E+00  0.0000E+00
     1     6     1     2        0  0.0000E+00  0.1126E-08  0.0000E+00  0.0000E+00
     1     7     1     1        0  0.0000E+00  0.1118E-01  0.0000E+00  0.0000E+00
     1     7     1     2        0  0.0000E+00  0.1317E-08  0.0000E+00  0.0000E+00
     1     8     1     1        0  0.0000E+00  0.9605E-02  0.0000E+00  0.0000E+00
     1     8     1     2        0  0.0000E+00  0.6955E-09  0.0000E+00  0.0000E+00
