SUMMARY OF C0NVERGENCE INFORMATION
  STEP   INC  ATT   ITER     CONT.   RESID.        CORR.      RESID.      CORR.
                              EL.    FORCE         DISP       FLUX        TEMP.
                              (#)     (%)           (%)        (%)         (%)
     1     1     1     1        0  0.2465E+03  0.1000E+03  0.0000E+00  0.0000E+00
     1     1     1     2        0  0.0000E+00  0.8823E-01  0.0000E+00  0.0000E+00
     1     2     1     1        0  0.0000E+00  0.1764E+00  0.0000E+00  0.0000E+00
     1     2     1     2        0  0.0000E+00  0.4530E-05  0.0000E+00  0.0000E+00
     1     3     1     1        0  0.0000E+00  0.2205E+00  0.0000E+00  0.0000E+00
     1     3     1     2        0  0.0000E+00  0.9446E-05  0.0000E+00  0.0000E+00
     1     4     1     1        0  0.0000E+00  0.3305E+00  0.0000E+00  0.0000E+00
     1     4     1     2        0  0.0000E+00  0.3035E-04  0.0000E+00  0.0000E+00
     1     5     1     1        0  0.7158E-01  0.4955E+00  0.0000E+00  0.0000E+00
     1     5     1     2        0  0.0000E+00  0.9488E-04  0.0000E+00  0.0000E+00
     1     6     1     1        0  0.1286E+00  0.6492E+00  0.0000E+00  0.0000E+00
     1     6     1     2        0  0.0000E+00  0.1819E-03  0.0000E+00  0.0000E+00
     1     7     1     1        0  0.1180E+00  0.7037E+00  0.0000E+00  0.0000E+00
     1     7     1     2        0  0.0000E+00  0.2374E-03  0.0000E+00  0.0000E+00
     1     8     1     1        0  0.3712E-01  0.6045E+00  0.0000E+00  0.0000E+00
     1     8     1     2        0  0.0000E+00  0.1657E-03  0.0000E+00  0.0000E+00
