SUMMARY OF C0NVERGENCE INFORMATION
  STEP   INC  ATT   ITER     CONT.   RESID.        CORR.      RESID.      CORR.
                              EL.    FORCE         DISP       FLUX        TEMP.
                              (#)     (%)           (%)        (%)         (%)
     1     1     1     1        0  0.4543E+03  0.1000E+03  0.0000E+00  0.0000E+00
     1     1     1     2        0  0.0000E+00  0.1941E+00  0.0000E+00  0.0000E+00
     1     2     1     1        0  0.0000E+00  0.3880E+00  0.0000E+00  0.0000E+00
     1     2     1     2        0  0.0000E+00  0.4156E-04  0.0000E+00  0.0000E+00
     1     3     1     1        0  0.5870E-01  0.4847E+00  0.0000E+00  0.0000E+00
     1     3     1     2        0  0.0000E+00  0.9022E-04  0.0000E+00  0.0000E+00
     1     4     1     1        0  0.2104E+00  0.7264E+00  0.0000E+00  0.0000E+00
     1     4     1     2        0  0.0000E+00  0.2730E-03  0.0000E+00  0.0000E+00
     1     5     1     1        0  0.7639E+00  0.1088E+01  0.0000E+00  0.0000E+00
     1     5     1     2        0  0.0000E+00  0.1060E-02  0.0000E+00  0.0000E+00
     1     6     1     1        0  0.1373E+01  0.1425E+01  0.0000E+00  0.0000E+00
     1     6     1     2        0  0.0000E+00  0.3810E-02  0.0000E+00  0.0000E+00
     1     7     1     1        0  0.1262E+01  0.1546E+01  0.0000E+00  0.0000E+00
     1     7     1     2        0  0.0000E+00  0.6726E-02  0.0000E+00  0.0000E+00
     1     8     1     1        0  0.3977E+00  0.1329E+01  0.0000E+00  0.0000E+00
     1     8     1     2        0  0.0000E+00  0.4864E-02  0.0000E+00  0.0000E+00
