SUMMARY OF C0NVERGENCE INFORMATION
  STEP   INC  ATT   ITER     CONT.   RESID.        CORR.      RESID.      CORR.
                              EL.    FORCE         DISP       FLUX        TEMP.
                              (#)     (%)           (%)        (%)         (%)
     1     1     1     1        0  0.5956E+03  0.1000E+03  0.0000E+00  0.0000E+00
     1     1     1     2        0  0.3338E-01  0.2999E+00  0.0000E+00  0.0000E+00
     1     2     1     1        0  0.8908E-01  0.5995E+00  0.0000E+00  0.0000E+00
     1     2     1     2        0  0.0000E+00  0.1433E-03  0.0000E+00  0.0000E+00
     1     3     1     1        0  0.2169E+00  0.7485E+00  0.0000E+00  0.0000E+00
     1     3     1     2        0  0.0000E+00  0.2967E-03  0.0000E+00  0.0000E+00
     1     4     1     1        0  0.7778E+00  0.1121E+01  0.0000E+00  0.0000E+00
     1     4     1     2        0  0.0000E+00  0.1087E-02  0.0000E+00  0.0000E+00
     1     5     1     1        0  0.2825E+01  0.1680E+01  0.0000E+00  0.0000E+00
     1     5     1     2        0  0.0000E+00  0.6820E-02  0.0000E+00  0.0000E+00
     1     6     1     1        0  0.5075E+01  0.2201E+01  0.0000E+00  0.0000E+00
     1     6     1     2        0  0.0000E+00  0.2075E-01  0.0000E+00  0.0000E+00
     1     7     1     1        0  0.4659E+01  0.2389E+01  0.0000E+00  0.0000E+00
     1     7     1     2        0  0.4624E-02  0.3338E-01  0.0000E+00  0.0000E+00
     1     8     1     1        0  0.1471E+01  0.2059E+01  0.0000E+00  0.0000E+00
     1     8     1     2        0  0.0000E+00  0.2465E-01  0.0000E+00  0.0000E+00
