SUMMARY OF C0NVERGENCE INFORMATION
  STEP   INC  ATT   ITER     CONT.   RESID.        CORR.      RESID.      CORR.
                              EL.    FORCE         DISP       FLUX        TEMP.
                              (#)     (%)           (%)        (%)         (%)
     1     1     1     1        0  0.1074E+03  0.1000E+03  0.0000E+00  0.0000E+00
     1     1     1     2        0  0.0000E+00  0.3530E-01  0.0000E+00  0.0000E+00
     1     2     1     1        0  0.0000E+00  0.7059E-01  0.0000E+00  0.0000E+00
     1     2     1     2        0  0.0000E+00  0.3199E-06  0.0000E+00  0.0000E+00
     1     3     1     1        0  0.0000E+00  0.8822E-01  0.0000E+00  0.0000E+00
     1     3     1     2        0  0.0000E+00  0.7075E-06  0.0000E+00  0.0000E+00
     1     4     1     1        0  0.0000E+00  0.1323E+00  0.0000E+00  0.0000E+00
     1     4     1     2        0  0.0000E+00  0.2184E-05  0.0000E+00  0.0000E+00
     1     5     1     1        0  0.0000E+00  0.1984E+00  0.0000E+00  0.0000E+00
     1     5     1     2        0  0.0000E+00  0.6901E-05  0.0000E+00  0.0000E+00
     1     6     1     1        0  0.0000E+00  0.2600E+00  0.0000E+00  0.0000E+00
     1     6     1     2        0  0.0000E+00  0.1365E-04  0.0000E+00  0.0000E+00
     1     7     1     1        0  0.0000E+00  0.2820E+00  0.0000E+00  0.0000E+00
     1     7     1     2        0  0.0000E+00  0.1571E-04  0.0000E+00  0.0000E+00
     1     8     1     1        0  0.0000E+00  0.2422E+00  0.0000E+00  0.0000E+00
     1     8     1     2        0  0.0000E+00  0.8319E-05  0.0000E+00  0.0000E+00
