SUMMARY OF C0NVERGENCE INFORMATION
  STEP   INC  ATT   ITER     CONT.   RESID.        CORR.      RESID.      CORR.
                              EL.    FORCE         DISP       FLUX        TEMP.
                              (#)     (%)           (%)        (%)         (%)
     1     1     1     1        0  0.6146E+03  0.1000E+03  0.0000E+00  0.0000E+00
     1     1     1     2        0  0.3963E-01  0.3175E+00  0.0000E+00  0.0000E+00
     1     2     1     1        0  0.1058E+00  0.6347E+00  0.0000E+00  0.0000E+00
     1     2     1     2        0  0.0000E+00  0.1681E-03  0.0000E+00  0.0000E+00
     1     3     1     1        0  0.2575E+00  0.7924E+00  0.0000E+00  0.0000E+00
     1     3     1     2        0  0.0000E+00  0.3458E-03  0.0000E+00  0.0000E+00
     1     4     1     1        0  0.9235E+00  0.1187E+01  0.0000E+00  0.0000E+00
     1     4     1     2        0  0.0000E+00  0.1379E-02  0.0000E+00  0.0000E+00
     1     5     1     1        0  0.3353E+01  0.1778E+01  0.0000E+00  0.0000E+00
     1     5     1     2        0  0.0000E+00  0.8563E-02  0.0000E+00  0.0000E+00
     1     6     1     1        0  0.6022E+01  0.2330E+01  0.0000E+00  0.0000E+00
     1     6     1     2        0  0.0000E+00  0.2541E-01  0.0000E+00  0.0000E+00
     1     7     1     1        0  0.5528E+01  0.2530E+01  0.0000E+00  0.0000E+00
     1     7     1     2        0  0.7283E-02  0.4044E-01  0.0000E+00  0.0000E+00
     1     8     1     1        0  0.1746E+01  0.2182E+01  0.0000E+00  0.0000E+00
     1     8     1     2        0  0.0000E+00  0.3002E-01  0.0000E+00  0.0000E+00
