SUMMARY OF C0NVERGENCE INFORMATION
  STEP   INC  ATT   ITER     CONT.   RESID.        CORR.      RESID.      CORR.
                              EL.    FORCE         DISP       FLUX        TEMP.
                              (#)     (%)           (%)        (%)         (%)
     1     1     1     1        0  0.4816E+03  0.1000E+03  0.0000E+00  0.0000E+00
     1     1     1     2        0  0.0000E+00  0.2117E+00  0.0000E+00  0.0000E+00
     1     2     1     1        0  0.3130E-01  0.4233E+00  0.0000E+00  0.0000E+00
     1     2     1     2        0  0.0000E+00  0.5336E-04  0.0000E+00  0.0000E+00
     1     3     1     1        0  0.7622E-01  0.5287E+00  0.0000E+00  0.0000E+00
     1     3     1     2        0  0.0000E+00  0.1149E-03  0.0000E+00  0.0000E+00
     1     4     1     1        0  0.2732E+00  0.7923E+00  0.0000E+00  0.0000E+00
     1     4     1     2        0  0.0000E+00  0.3466E-03  0.0000E+00  0.0000E+00
     1     5     1     1        0  0.9921E+00  0.1187E+01  0.0000E+00  0.0000E+00
     1     5     1     2        0  0.0000E+00  0.1543E-02  0.0000E+00  0.0000E+00
     1     6     1     1        0  0.1784E+01  0.1555E+01  0.0000E+00  0.0000E+00
     1     6     1     2        0  0.0000E+00  0.5461E-02  0.0000E+00  0.0000E+00
     1     7     1     1        0  0.1639E+01  0.1686E+01  0.0000E+00  0.0000E+00
     1     7     1     2        0  0.0000E+00  0.9443E-02  0.0000E+00  0.0000E+00
     1     8     1     1        0  0.5166E+00  0.1450E+01  0.0000E+00  0.0000E+00
     1     8     1     2        0  0.0000E+00  0.6834E-02  0.0000E+00  0.0000E+00
