SUMMARY OF C0NVERGENCE INFORMATION
  STEP   INC  ATT   ITER     CONT.   RESID.        CORR.      RESID.      CORR.
                              EL.    FORCE         DISP       FLUX        TEMP.
                              (#)     (%)           (%)        (%)         (%)
     1     1     1     1        0  0.6327E+03  0.1000E+03  0.0000E+00  0.0000E+00
     1     1     1     2        0  0.4662E-01  0.3352E+00  0.0000E+00  0.0000E+00
     1     2     1     1        0  0.1244E+00  0.6699E+00  0.0000E+00  0.0000E+00
     1     2     1     2        0  0.0000E+00  0.1954E-03  0.0000E+00  0.0000E+00
     1     3     1     1        0  0.3029E+00  0.8364E+00  0.0000E+00  0.0000E+00
     1     3     1     2        0  0.0000E+00  0.3997E-03  0.0000E+00  0.0000E+00
     1     4     1     1        0  0.1086E+01  0.1253E+01  0.0000E+00  0.0000E+00
     1     4     1     2        0  0.0000E+00  0.1742E-02  0.0000E+00  0.0000E+00
     1     5     1     1        0  0.3944E+01  0.1877E+01  0.0000E+00  0.0000E+00
     1     5     1     2        0  0.0000E+00  0.1057E-01  0.0000E+00  0.0000E+00
     1     6     1     1        0  0.7081E+01  0.2459E+01  0.0000E+00  0.0000E+00
     1     6     1     2        0  0.5594E-02  0.3065E-01  0.0000E+00  0.0000E+00
     1     7     1     1        0  0.6497E+01  0.2671E+01  0.0000E+00  0.0000E+00
     1     7     1     2        0  0.1109E-01  0.4828E-01  0.0000E+00  0.0000E+00
     1     8     1     1        0  0.2053E+01  0.2305E+01  0.0000E+00  0.0000E+00
     1     8     1     2        0  0.0000E+00  0.3604E-01  0.0000E+00  0.0000E+00
