SUMMARY OF C0NVERGENCE INFORMATION
  STEP   INC  ATT   ITER     CONT.   RESID.        CORR.      RESID.      CORR.
                              EL.    FORCE         DISP       FLUX        TEMP.
                              (#)     (%)           (%)        (%)         (%)
     1     1     1     1        0  0.3252E+03  0.1000E+03  0.0000E+00  0.0000E+00
     1     1     1     2        0  0.0000E+00  0.1235E+00  0.0000E+00  0.0000E+00
     1     2     1     1        0  0.0000E+00  0.2470E+00  0.0000E+00  0.0000E+00
     1     2     1     2        0  0.0000E+00  0.1157E-04  0.0000E+00  0.0000E+00
     1     3     1     1        0  0.0000E+00  0.3086E+00  0.0000E+00  0.0000E+00
     1     3     1     2        0  0.0000E+00  0.2504E-04  0.0000E+00  0.0000E+00
     1     4     1     1        0  0.5416E-01  0.4626E+00  0.0000E+00  0.0000E+00
     1     4     1     2        0  0.0000E+00  0.7870E-04  0.0000E+00  0.0000E+00
     1     5     1     1        0  0.1966E+00  0.6933E+00  0.0000E+00  0.0000E+00
     1     5     1     2        0  0.0000E+00  0.2398E-03  0.0000E+00  0.0000E+00
     1     6     1     1        0  0.3532E+00  0.9082E+00  0.0000E+00  0.0000E+00
     1     6     1     2        0  0.0000E+00  0.5428E-03  0.0000E+00  0.0000E+00
     1     7     1     1        0  0.3244E+00  0.9844E+00  0.0000E+00  0.0000E+00
     1     7     1     2        0  0.0000E+00  0.1001E-02  0.0000E+00  0.0000E+00
     1     8     1     1        0  0.1021E+00  0.8457E+00  0.0000E+00  0.0000E+00
     1     8     1     2        0  0.0000E+00  0.7437E-03  0.0000E+00  0.0000E+00
