SUMMARY OF C0NVERGENCE INFORMATION
  STEP   INC  ATT   ITER     CONT.   RESID.        CORR.      RESID.      CORR.
                              EL.    FORCE         DISP       FLUX        TEMP.
                              (#)     (%)           (%)        (%)         (%)
     1     1     1     1        0  0.1568E+03  0.1000E+03  0.0000E+00  0.0000E+00
     1     1     1     2        0  0.0000E+00  0.5294E-01  0.0000E+00  0.0000E+00
     1     2     1     1        0  0.0000E+00  0.1059E+00  0.0000E+00  0.0000E+00
     1     2     1     2        0  0.0000E+00  0.1046E-05  0.0000E+00  0.0000E+00
     1     3     1     1        0  0.0000E+00  0.1323E+00  0.0000E+00  0.0000E+00
     1     3     1     2        0  0.0000E+00  0.2236E-05  0.0000E+00  0.0000E+00
     1     4     1     1        0  0.0000E+00  0.1984E+00  0.0000E+00  0.0000E+00
     1     4     1     2        0  0.0000E+00  0.6919E-05  0.0000E+00  0.0000E+00
     1     5     1     1        0  0.0000E+00  0.2975E+00  0.0000E+00  0.0000E+00
     1     5     1     2        0  0.0000E+00  0.2235E-04  0.0000E+00  0.0000E+00
     1     6     1     1        0  0.2774E-01  0.3899E+00  0.0000E+00  0.0000E+00
     1     6     1     2        0  0.0000E+00  0.4353E-04  0.0000E+00  0.0000E+00
     1     7     1     1        0  0.2546E-01  0.4227E+00  0.0000E+00  0.0000E+00
     1     7     1     2        0  0.0000E+00  0.4982E-04  0.0000E+00  0.0000E+00
     1     8     1     1        0  0.0000E+00  0.3631E+00  0.0000E+00  0.0000E+00
     1     8     1     2        0  0.0000E+00  0.2675E-04  0.0000E+00  0.0000E+00
