Ansys Lumerical 2022 R1 FDTD Solver Version 8.27.2898 (Windows 64bit)
 expires (month/day/year): Permanent
using config file: Ansys Licensing set with ANSYSLMD_LICENSE_FILE
license host: 1055@169.229.34.87
current time: Fri Oct 10 12:43:26 2025
Running on host: gabor
host available memory (GB): 114.811896
All processes are communicating and ready to proceed to simulation...
Running fsp file: C:\Program Files\Lumerical\Lumerical\v221\bin\fdtd-engine-msmpi.exe -t 1 -remote C:/Users/gabor/Documents/neekon/waveguide-crossing/waveguide_crossing.fsp
Starting meshing
Simulation size in gridpoints: 1 x 95 x 33
Refined 0 mesh cells (0%)
Completed meshing!
Meshing complete in 0.015625 seconds of CPU time
Starting meshing
Simulation size in gridpoints: 1 x 95 x 33
Refined 0 mesh cells (0%)
Completed meshing!
Meshing complete in 0.015625 seconds of CPU time
Starting meshing
Simulation size in gridpoints: 1 x 95 x 33
Refined 0 mesh cells (0%)
Completed meshing!
Meshing complete in 0.015625 seconds of CPU time
Starting meshing
Simulation size in gridpoints: 1 x 95 x 33
Refined 0 mesh cells (0%)
Completed meshing!
Meshing complete in 0.015625 seconds of CPU time
Starting meshing
Simulation size in gridpoints: 1 x 95 x 33
Refined 0 mesh cells (0%)
Completed meshing!
Meshing complete in 0.015625 seconds of CPU time
Starting meshing
Simulation size in gridpoints: 1 x 95 x 33
Refined 0 mesh cells (0%)
Completed meshing!
Meshing complete in 0.015625 seconds of CPU time
left is a duplicate key.
bottom is a duplicate key.
z1 is a duplicate key.
z2 is a duplicate key.
Nx is a duplicate key.
Ny is a duplicate key.
Nz is a duplicate key.
Starting meshing
Simulation size in gridpoints: 95 x 1 x 33
Refined 0 mesh cells (0%)
Completed meshing!
Meshing complete in 0.015625 seconds of CPU time
Starting meshing
Simulation size in gridpoints: 95 x 1 x 33
Refined 0 mesh cells (0%)
Completed meshing!
Meshing complete in 0.015625 seconds of CPU time
Starting meshing
Simulation size in gridpoints: 95 x 1 x 33
Refined 0 mesh cells (0%)
Completed meshing!
Meshing complete in 0.015625 seconds of CPU time
left is a duplicate key.
bottom is a duplicate key.
z1 is a duplicate key.
z2 is a duplicate key.
Nx is a duplicate key.
Ny is a duplicate key.
Nz is a duplicate key.
Starting meshing
Simulation size in gridpoints: 1 x 95 x 33
Refined 0 mesh cells (0%)
Completed meshing!
Meshing complete in 0.015625 seconds of CPU time
Starting meshing
Simulation size in gridpoints: 1 x 95 x 33
Refined 0 mesh cells (0%)
Completed meshing!
Meshing complete in 0.015625 seconds of CPU time
Starting meshing
Simulation size in gridpoints: 1 x 95 x 33
Refined 0 mesh cells (0%)
Completed meshing!
Meshing complete in 0.03125 seconds of CPU time
left is a duplicate key.
bottom is a duplicate key.
z1 is a duplicate key.
z2 is a duplicate key.
Nx is a duplicate key.
Ny is a duplicate key.
Nz is a duplicate key.
Starting meshing
Simulation size in gridpoints: 95 x 1 x 33
Refined 0 mesh cells (0%)
Completed meshing!
Meshing complete in 0.03125 seconds of CPU time
Starting meshing
Simulation size in gridpoints: 95 x 1 x 33
Refined 0 mesh cells (0%)
Completed meshing!
Meshing complete in 0.015625 seconds of CPU time
Starting meshing
Simulation size in gridpoints: 95 x 1 x 33
Refined 0 mesh cells (0%)
Completed meshing!
Meshing complete in 0.015625 seconds of CPU time
left is a duplicate key.
bottom is a duplicate key.
z1 is a duplicate key.
z2 is a duplicate key.
Nx is a duplicate key.
Ny is a duplicate key.
Nz is a duplicate key.
number of processors is 16
processors are distributed as: 4x4x1
Running 3D Simulation
Starting meshing
Simulation size in gridpoints: 174 x 174 x 55
Refined 0 mesh cells (0%)
Completed meshing!
Meshing complete in 0.515625 seconds of CPU time
0 0
Starting meshing
Simulation size in gridpoints: 174 x 174 x 55
Refined 0 mesh cells (0%)
Completed meshing!
Meshing complete in 0.625 seconds of CPU time
0 0
Starting meshing
Simulation size in gridpoints: 174 x 174 x 55
Refined 0 mesh cells (0%)
Completed meshing!
Meshing complete in 0.59375 seconds of CPU time
0 0
finished material properties
Meshing Time: 1.17961 seconds, Init Electrical Material Time: 0.05837 seconds, Init Magnetic Material Time: 0.0020694
Using selected optimization level: 2
Selecting 3d kernel for splitFieldDirection=0 and optLevel=2
-----------------------------------------
Beginning initialization of 3D Simulation
Starting to add sources to simulation
Adding 3D Mode source propagating in X
Using frequency dependent profile
Starting to add boundary conditions to simulation
Adding 3D PML BC
Adding 3D Parallel BC
Adding 3D PML BC
Adding 3D Parallel BC
Adding 3D PML BC
Adding 3D PML BC
Starting to add monitors to Simulation
Adding analysis monitor
Adding 3D DFT monitor
Adding 3D DFT monitor
Adding 3D DFT monitor
Adding 3D DFT monitor
Adding 3D index monitor
Adding 3D DFT monitor
Finished initialization of 3D Simulation
-----------------------------------------
All processes are communicating and ready to proceed to simulation...
Starting 16122 total iterations
0.198488% complete. Max time remaining: 21 mins, 7 secs. Auto Shutoff: 1
1.29017% complete. Max time remaining: 20 mins, 36 secs. Auto Shutoff: 1
2.38186% complete. Max time remaining: 20 mins, 24 secs. Auto Shutoff: 1
3.47354% complete. Max time remaining: 20 mins, 9 secs. Auto Shutoff: 1
4.56523% complete. Max time remaining: 19 mins, 56 secs. Auto Shutoff: 1
5.65691% complete. Max time remaining: 19 mins, 54 secs. Auto Shutoff: 0.19125
6.7486% complete. Max time remaining: 20 mins, 1 secs. Auto Shutoff: 0.121132
7.84028% complete. Max time remaining: 20 mins, 2 secs. Auto Shutoff: 0.0575049
8.93197% complete. Max time remaining: 20 mins, 5 secs. Auto Shutoff: 0.0317302
10.0237% complete. Max time remaining: 19 mins, 52 secs. Auto Shutoff: 0.0195545
11.1153% complete. Max time remaining: 19 mins, 38 secs. Auto Shutoff: 0.0156683
12.207% complete. Max time remaining: 19 mins, 23 secs. Auto Shutoff: 0.0108183
13.2987% complete. Max time remaining: 19 mins, 8 secs. Auto Shutoff: 0.00791307
14.3904% complete. Max time remaining: 18 mins, 51 secs. Auto Shutoff: 0.00600703
15.4821% complete. Max time remaining: 18 mins, 35 secs. Auto Shutoff: 0.00527874
16.5738% complete. Max time remaining: 18 mins, 19 secs. Auto Shutoff: 0.00413739
17.6654% complete. Max time remaining: 18 mins, 3 secs. Auto Shutoff: 0.00333239
18.7571% complete. Max time remaining: 17 mins, 48 secs. Auto Shutoff: 0.00261788
19.8488% complete. Max time remaining: 17 mins, 35 secs. Auto Shutoff: 0.00235647
20.9405% complete. Max time remaining: 17 mins, 21 secs. Auto Shutoff: 0.00192559
22.0322% complete. Max time remaining: 17 mins, 6 secs. Auto Shutoff: 0.00161482
23.1239% complete. Max time remaining: 16 mins, 50 secs. Auto Shutoff: 0.00138981
24.2156% complete. Max time remaining: 16 mins, 35 secs. Auto Shutoff: 0.0013091
25.3072% complete. Max time remaining: 16 mins, 20 secs. Auto Shutoff: 0.00120788
26.3989% complete. Max time remaining: 16 mins, 4 secs. Auto Shutoff: 0.00102395
27.4906% complete. Max time remaining: 15 mins, 49 secs. Auto Shutoff: 0.000936617
28.5823% complete. Max time remaining: 15 mins, 35 secs. Auto Shutoff: 0.000894083
29.674% complete. Max time remaining: 15 mins, 22 secs. Auto Shutoff: 0.000812427
30.7657% complete. Max time remaining: 15 mins, 8 secs. Auto Shutoff: 0.000742066
31.8574% complete. Max time remaining: 14 mins, 54 secs. Auto Shutoff: 0.000422224
32.949% complete. Max time remaining: 14 mins, 40 secs. Auto Shutoff: 0.00017384
34.0407% complete. Max time remaining: 14 mins, 25 secs. Auto Shutoff: 0.000105768
35.1324% complete. Max time remaining: 14 mins, 11 secs. Auto Shutoff: 8.11564e-05
36.2241% complete. Max time remaining: 13 mins, 57 secs. Auto Shutoff: 1.99442e-05
100% complete. Max time remaining: 0 mins, 0 secs. Auto Shutoff: 9.7794e-06
Early termination of simulation, the autoshutoff criteria are satisfied.
Completed 5941 iterations, or 4.422069e-13s of Simulation Time
Process 0 starting to collect data
    collecting monitor data
    collecting source data
Using frequency dependent profile
Finished collecting data
left is a duplicate key.
bottom is a duplicate key.
z1 is a duplicate key.
z2 is a duplicate key.
Nx is a duplicate key.
Ny is a duplicate key.
Nz is a duplicate key.
left is a duplicate key.
bottom is a duplicate key.
z1 is a duplicate key.
z2 is a duplicate key.
Nx is a duplicate key.
Ny is a duplicate key.
Nz is a duplicate key.
left is a duplicate key.
bottom is a duplicate key.
z1 is a duplicate key.
z2 is a duplicate key.
Nx is a duplicate key.
Ny is a duplicate key.
Nz is a duplicate key.
left is a duplicate key.
bottom is a duplicate key.
z1 is a duplicate key.
z2 is a duplicate key.
Nx is a duplicate key.
Ny is a duplicate key.
Nz is a duplicate key.
Simulation completed successfully at: Fri Oct 10 12:51:41 2025
Overall wall time measurements in seconds: 498.579
    time to mesh and initialize: 2.88725
    time to run FDTD simulation: 487.898
    time to checkpoint simulation: 3e-07
    time to finalize data and save to files: 4.49931
    miscellaneous time: 3.29437
    FDTD solver speed on process 0: 20.2764 Mnodes/s
    total FDTD solver speed on 16 processes: 324.423 Mnodes/s
